This file contains any messages produced by compilers while
running configure, to aid debugging if configure makes a mistake.

It was created by configure, which was
generated by GNU Autoconf 2.67.  Invocation command line was

  $ ./configure --disable-option-checking --prefix=/usr/local docdir=${datarootdir}/doc/${PACKAGE} --cache-file=/dev/null --srcdir=.

## --------- ##
## Platform. ##
## --------- ##

hostname = b02-218a
uname -m = i686
uname -r = 2.6.31-22-generic
uname -s = Linux
uname -v = #67-Ubuntu SMP Sat Oct 16 19:10:07 UTC 2010

/usr/bin/uname -p = unknown
/bin/uname -X     = unknown

/bin/arch              = unknown
/usr/bin/arch -k       = unknown
/usr/convex/getsysinfo = unknown
/usr/bin/hostinfo      = unknown
/bin/machine           = unknown
/usr/bin/oslevel       = unknown
/bin/universe          = unknown

PATH: /usr/local/sbin
PATH: /usr/local/bin
PATH: /usr/sbin
PATH: /usr/bin
PATH: /sbin
PATH: /bin
PATH: /usr/games


## ----------- ##
## Core tests. ##
## ----------- ##

configure:1657: checking for gpasm
configure:1673: found /usr/bin/gpasm
configure:1685: result: gpasm
configure:1695: checking for gplink
configure:1711: found /usr/bin/gplink
configure:1723: result: gplink
configure:1733: checking for gplib
configure:1749: found /usr/bin/gplib
configure:1761: result: gplib
configure:1772: checking for rm
configure:1788: found /bin/rm
configure:1800: result: rm -f
configure:1810: checking for cp
configure:1826: found /bin/cp
configure:1838: result: cp
configure:1848: checking for mv
configure:1864: found /bin/mv
configure:1876: result: mv
configure:1886: checking for ls
configure:1902: found /bin/ls
configure:1914: result: ls
configure:1924: checking for sed
configure:1940: found /bin/sed
configure:1952: result: sed
configure:1960: checking for grep that handles long lines and -e
configure:2018: result: /bin/grep
configure:2023: checking for egrep
configure:2085: result: /bin/grep -E
configure:2092: checking for mkdir
configure:2108: found /bin/mkdir
configure:2120: result: mkdir -p
configure:2130: checking for rmdir
configure:2146: found /bin/rmdir
configure:2158: result: rmdir
configure:2174: checking whether make sets $(MAKE)
configure:2196: result: yes
configure:2355: creating ./config.status

## ---------------------- ##
## Running config.status. ##
## ---------------------- ##

This file was extended by config.status, which was
generated by GNU Autoconf 2.67.  Invocation command line was

  CONFIG_FILES    = 
  CONFIG_HEADERS  = 
  CONFIG_LINKS    = 
  CONFIG_COMMANDS = 
  $ ./config.status 

on b02-218a

config.status:736: creating Makefile
config.status:736: creating Makefile.common
config.status:736: creating libsdcc/Makefile
config.status:736: creating libm/Makefile

## ---------------- ##
## Cache variables. ##
## ---------------- ##

ac_cv_env_build_alias_set=
ac_cv_env_build_alias_value=
ac_cv_env_host_alias_set=
ac_cv_env_host_alias_value=
ac_cv_env_target_alias_set=
ac_cv_env_target_alias_value=
ac_cv_path_EGREP='/bin/grep -E'
ac_cv_path_GREP=/bin/grep
ac_cv_prog_CP=cp
ac_cv_prog_GPASM=gpasm
ac_cv_prog_GPLIB=gplib
ac_cv_prog_GPLINK=gplink
ac_cv_prog_LS=ls
ac_cv_prog_MKDIR='mkdir -p'
ac_cv_prog_MV=mv
ac_cv_prog_RM='rm -f'
ac_cv_prog_RMDIR=rmdir
ac_cv_prog_SED=sed
ac_cv_prog_make_make_set=yes

## ----------------- ##
## Output variables. ##
## ----------------- ##

CP='cp'
DEFS='-DPACKAGE_NAME=\"\" -DPACKAGE_TARNAME=\"\" -DPACKAGE_VERSION=\"\" -DPACKAGE_STRING=\"\" -DPACKAGE_BUGREPORT=\"\" -DPACKAGE_URL=\"\"'
ECHO_C=''
ECHO_N='-n'
ECHO_T=''
EGREP='/bin/grep -E'
GPASM='gpasm'
GPLIB='gplib'
GPLINK='gplink'
GREP='/bin/grep'
LIBOBJS=''
LIBS=''
LS='ls'
LTLIBOBJS=''
MKDIR='mkdir -p'
MV='mv'
PACKAGE_BUGREPORT=''
PACKAGE_NAME=''
PACKAGE_STRING=''
PACKAGE_TARNAME=''
PACKAGE_URL=''
PACKAGE_VERSION=''
PATH_SEPARATOR=':'
RM='rm -f'
RMDIR='rmdir'
SED='sed'
SET_MAKE=''
SHELL='/bin/bash'
bindir='${exec_prefix}/bin'
build_alias=''
datadir='${datarootdir}'
datarootdir='${prefix}/share'
docdir='${datarootdir}/doc/${PACKAGE}'
dvidir='${docdir}'
exec_prefix='${prefix}'
host_alias=''
htmldir='${docdir}'
includedir='${prefix}/include'
infodir='${datarootdir}/info'
libdir='${exec_prefix}/lib'
libexecdir='${exec_prefix}/libexec'
localedir='${datarootdir}/locale'
localstatedir='${prefix}/var'
mandir='${datarootdir}/man'
oldincludedir='/usr/include'
pdfdir='${docdir}'
prefix='/usr/local'
program_transform_name='s,x,x,'
psdir='${docdir}'
sbindir='${exec_prefix}/sbin'
sharedstatedir='${prefix}/com'
sysconfdir='${prefix}/etc'
target_alias=''

## ----------- ##
## confdefs.h. ##
## ----------- ##

/* confdefs.h */
#define PACKAGE_NAME ""
#define PACKAGE_TARNAME ""
#define PACKAGE_VERSION ""
#define PACKAGE_STRING ""
#define PACKAGE_BUGREPORT ""
#define PACKAGE_URL ""

configure: exit 0
