This file contains any messages produced by compilers while
running configure, to aid debugging if configure makes a mistake.

It was created by configure, which was
generated by GNU Autoconf 2.67.  Invocation command line was

  $ ./configure --disable-pic14-port --disable-pic16-port --disable-ds390-port --disable-ds400-port --disable-json-port --disable-avr-port --disable-xa51-port --disable-z80-port --disable-mcs51-port --disable-hc08-port --disable-gbz80-port

## --------- ##
## Platform. ##
## --------- ##

hostname = PCKRIVKA
uname -m = i686
uname -r = 1.7.5(0.225/5/3)
uname -s = CYGWIN_NT-5.1
uname -v = 2010-04-12 19:07

/usr/bin/uname -p = unknown
/bin/uname -X     = unknown

/bin/arch              = i686
/usr/bin/arch -k       = unknown
/usr/convex/getsysinfo = unknown
/usr/bin/hostinfo      = unknown
/bin/machine           = unknown
/usr/bin/oslevel       = unknown
/bin/universe          = unknown

PATH: /usr/local/bin
PATH: /usr/bin
PATH: /bin
PATH: /cygdrive/c/Perl/site/bin
PATH: /cygdrive/c/Perl/bin
PATH: /cygdrive/c/Program Files/Haskell/bin
PATH: /cygdrive/c/Program Files/Haskell Platform/2010.1.0.0/lib/extralibs/bin
PATH: /cygdrive/c/Program Files/Haskell Platform/2010.1.0.0/bin
PATH: /cygdrive/c/Program Files/MiKTeX 2.8/miktex/bin
PATH: /cygdrive/c/WINDOWS/system32
PATH: /cygdrive/c/WINDOWS
PATH: /cygdrive/c/WINDOWS/system32/WBEM
PATH: /cygdrive/c/WINDOWS/system32/nls
PATH: /cygdrive/c/WINDOWS/system32/nls/english
PATH: /cygdrive/c/WINDOWS/system32/WindowsPowerShell/v1.0
PATH: /cygdrive/c/Program Files/Graphviz2.24/bin
PATH: /cygdrive/c/Program Files/Microsoft SQL Server/90/Tools/binn/
PATH: /cygdrive/c/WINDOWS/system32/WindowsPowerShell/v1.0
PATH: /cygdrive/c/Program Files/GnuWin32/bin
PATH: /cygdrive/c/Python26
PATH: /cygdrive/c/Program Files/Haskell Platform/2010.1.0.0/mingw/bin
PATH: /cygdrive/c/mspgcc/bin
PATH: /cygdrive/c/Program Files/TortoiseSVN/bin
PATH: /usr/bin
PATH: /cygdrive/c/Documents and Settings/krivka.PCKRIVKA/Application Data/cabal/bin
PATH: /cygdrive/c/Program Files/FPC/2.2.4/bin/i386-Win32
PATH: /cygdrive/d/FITkit/bin
PATH: Z
PATH: .
PATH: /usr/lib/lapack


## ----------- ##
## Core tests. ##
## ----------- ##

configure:2369: checking for gawk
configure:2385: found /usr/bin/gawk
configure:2396: result: gawk
configure:2408: checking version of the package
configure:2412: result: 3.0.1
configure:2519: checking for gcc
configure:2535: found /usr/bin/gcc
configure:2546: result: gcc
configure:2775: checking for C compiler version
configure:2784: gcc --version >&5
gcc (GCC) 4.3.4 20090804 (release) 1
Copyright (C) 2008 Free Software Foundation, Inc.
This is free software; see the source for copying conditions.  There is NO
warranty; not even for MERCHANTABILITY or FITNESS FOR A PARTICULAR PURPOSE.

configure:2795: $? = 0
configure:2784: gcc -v >&5
Using built-in specs.
Target: i686-pc-cygwin
Configured with: /gnu/gcc/releases/packaging/4.3.4-3/gcc4-4.3.4-3/src/gcc-4.3.4/configure --srcdir=/gnu/gcc/releases/packaging/4.3.4-3/gcc4-4.3.4-3/src/gcc-4.3.4 --prefix=/usr --exec-prefix=/usr --bindir=/usr/bin --sbindir=/usr/sbin --libexecdir=/usr/lib --datadir=/usr/share --localstatedir=/var --sysconfdir=/etc --infodir=/usr/share/info --mandir=/usr/share/man --datadir=/usr/share --infodir=/usr/share/info --mandir=/usr/share/man -v --with-gmp=/usr --with-mpfr=/usr --enable-bootstrap --enable-version-specific-runtime-libs --with-slibdir=/usr/bin --libexecdir=/usr/lib --enable-static --enable-shared --enable-shared-libgcc --disable-__cxa_atexit --with-gnu-ld --with-gnu-as --with-dwarf2 --disable-sjlj-exceptions --enable-languages=ada,c,c++,fortran,java,objc,obj-c++ --disable-symvers --enable-libjava --program-suffix=-4 --enable-libgomp --enable-libssp --enable-libada --enable-threads=posix --with-arch=i686 --with-tune=generic --enable-libgcj-sublibs CC=gcc-4 CXX=g++-4 CC_FOR_TARGET=gcc-4 CXX_FOR_TARGET=g++-4 GNATMAKE_FOR_TARGET=gnatmake GNATBIND_FOR_TARGET=gnatbind AS=/opt/gcc-tools/bin/as.exe AS_FOR_TARGET=/opt/gcc-tools/bin/as.exe LD=/opt/gcc-tools/bin/ld.exe LD_FOR_TARGET=/opt/gcc-tools/bin/ld.exe --with-ecj-jar=/usr/share/java/ecj.jar
Thread model: posix
gcc version 4.3.4 20090804 (release) 1 (GCC) 
configure:2795: $? = 0
configure:2784: gcc -V >&5
gcc: '-V' option must have argument
configure:2795: $? = 1
configure:2784: gcc -qversion >&5
gcc: unrecognized option '-qversion'
gcc: no input files
configure:2795: $? = 1
configure:2815: checking whether the C compiler works
configure:2837: gcc    conftest.c  >&5
configure:2841: $? = 0
configure:2889: result: yes
configure:2892: checking for C compiler default output file name
configure:2894: result: a.exe
configure:2900: checking for suffix of executables
configure:2907: gcc -o conftest.exe    conftest.c  >&5
configure:2911: $? = 0
configure:2933: result: .exe
configure:2955: checking whether we are cross compiling
configure:2963: gcc -o conftest.exe    conftest.c  >&5
configure:2967: $? = 0
configure:2974: ./conftest.exe
configure:2978: $? = 0
configure:2993: result: no
configure:2998: checking for suffix of object files
configure:3020: gcc -c   conftest.c >&5
configure:3024: $? = 0
configure:3045: result: o
configure:3049: checking whether we are using the GNU C compiler
configure:3068: gcc -c   conftest.c >&5
configure:3068: $? = 0
configure:3077: result: yes
configure:3086: checking whether gcc accepts -g
configure:3106: gcc -c -g  conftest.c >&5
configure:3106: $? = 0
configure:3147: result: yes
configure:3164: checking for gcc option to accept ISO C89
configure:3228: gcc  -c -g -O2  conftest.c >&5
configure:3228: $? = 0
configure:3241: result: none needed
configure:3266: checking how to run the C preprocessor
configure:3297: gcc -E  conftest.c
configure:3297: $? = 0
configure:3311: gcc -E  conftest.c
conftest.c:13:28: error: ac_nonexistent.h: No such file or directory
configure:3311: $? = 1
configure: failed program was:
| /* confdefs.h */
| #define PACKAGE_NAME ""
| #define PACKAGE_TARNAME ""
| #define PACKAGE_VERSION ""
| #define PACKAGE_STRING ""
| #define PACKAGE_BUGREPORT ""
| #define PACKAGE_URL ""
| #define SDCC_VERSION_LO 0
| #define SDCC_VERSION_HI 3
| #define SDCC_VERSION_P 1
| #define SDCC_VERSION_STR "3.0.1"
| /* end confdefs.h.  */
| #include <ac_nonexistent.h>
configure:3336: result: gcc -E
configure:3356: gcc -E  conftest.c
configure:3356: $? = 0
configure:3370: gcc -E  conftest.c
conftest.c:13:28: error: ac_nonexistent.h: No such file or directory
configure:3370: $? = 1
configure: failed program was:
| /* confdefs.h */
| #define PACKAGE_NAME ""
| #define PACKAGE_TARNAME ""
| #define PACKAGE_VERSION ""
| #define PACKAGE_STRING ""
| #define PACKAGE_BUGREPORT ""
| #define PACKAGE_URL ""
| #define SDCC_VERSION_LO 0
| #define SDCC_VERSION_HI 3
| #define SDCC_VERSION_P 1
| #define SDCC_VERSION_STR "3.0.1"
| /* end confdefs.h.  */
| #include <ac_nonexistent.h>
configure:3441: checking for a BSD-compatible install
configure:3509: result: /usr/bin/install -c
configure:3563: checking for ranlib
configure:3579: found /usr/bin/ranlib
configure:3590: result: ranlib
configure:3614: checking for autoconf
configure:3630: found /usr/bin/autoconf
configure:3642: result: autoconf
configure:3652: checking for strip
configure:3668: found /usr/bin/strip
configure:3680: result: strip
configure:3690: checking for as
configure:3706: found /usr/bin/as
configure:3718: result: as
configure:3728: checking for cp
configure:3744: found /usr/bin/cp
configure:3756: result: cp
configure:3766: checking for ar
configure:3782: found /usr/bin/ar
configure:3794: result: ar
configure:3807: checking for flex
configure:3823: found /cygdrive/c/Program Files/GnuWin32/bin/flex
configure:3834: result: flex
configure:3851: checking for bison
configure:3867: found /cygdrive/c/Program Files/GnuWin32/bin/bison
configure:3878: result: bison -y
configure:3911: checking for grep that handles long lines and -e
configure:3969: result: /usr/bin/grep
configure:3974: checking for egrep
configure:4036: result: /usr/bin/grep -E
configure:4041: checking for ANSI C header files
configure:4061: gcc -c -g -O2  conftest.c >&5
configure:4061: $? = 0
configure:4134: gcc -o conftest.exe -g -O2   conftest.c  >&5
configure:4134: $? = 0
configure:4134: ./conftest.exe
configure:4134: $? = 0
configure:4145: result: yes
configure:4158: checking for sys/types.h
configure:4158: gcc -c -g -O2  conftest.c >&5
configure:4158: $? = 0
configure:4158: result: yes
configure:4158: checking for sys/stat.h
configure:4158: gcc -c -g -O2  conftest.c >&5
configure:4158: $? = 0
configure:4158: result: yes
configure:4158: checking for stdlib.h
configure:4158: gcc -c -g -O2  conftest.c >&5
configure:4158: $? = 0
configure:4158: result: yes
configure:4158: checking for string.h
configure:4158: gcc -c -g -O2  conftest.c >&5
configure:4158: $? = 0
configure:4158: result: yes
configure:4158: checking for memory.h
configure:4158: gcc -c -g -O2  conftest.c >&5
configure:4158: $? = 0
configure:4158: result: yes
configure:4158: checking for strings.h
configure:4158: gcc -c -g -O2  conftest.c >&5
configure:4158: $? = 0
configure:4158: result: yes
configure:4158: checking for inttypes.h
configure:4158: gcc -c -g -O2  conftest.c >&5
configure:4158: $? = 0
configure:4158: result: yes
configure:4158: checking for stdint.h
configure:4158: gcc -c -g -O2  conftest.c >&5
configure:4158: $? = 0
configure:4158: result: yes
configure:4158: checking for unistd.h
configure:4158: gcc -c -g -O2  conftest.c >&5
configure:4158: $? = 0
configure:4158: result: yes
configure:4173: checking endian.h usability
configure:4173: gcc -c -g -O2  conftest.c >&5
configure:4173: $? = 0
configure:4173: result: yes
configure:4173: checking endian.h presence
configure:4173: gcc -E  conftest.c
configure:4173: $? = 0
configure:4173: result: yes
configure:4173: checking for endian.h
configure:4173: result: yes
configure:4173: checking sys/endian.h usability
configure:4173: gcc -c -g -O2  conftest.c >&5
conftest.c:57:24: error: sys/endian.h: No such file or directory
configure:4173: $? = 1
configure: failed program was:
| /* confdefs.h */
| #define PACKAGE_NAME ""
| #define PACKAGE_TARNAME ""
| #define PACKAGE_VERSION ""
| #define PACKAGE_STRING ""
| #define PACKAGE_BUGREPORT ""
| #define PACKAGE_URL ""
| #define SDCC_VERSION_LO 0
| #define SDCC_VERSION_HI 3
| #define SDCC_VERSION_P 1
| #define SDCC_VERSION_STR "3.0.1"
| #define STDC_HEADERS 1
| #define HAVE_SYS_TYPES_H 1
| #define HAVE_SYS_STAT_H 1
| #define HAVE_STDLIB_H 1
| #define HAVE_STRING_H 1
| #define HAVE_MEMORY_H 1
| #define HAVE_STRINGS_H 1
| #define HAVE_INTTYPES_H 1
| #define HAVE_STDINT_H 1
| #define HAVE_UNISTD_H 1
| #define HAVE_ENDIAN_H 1
| /* end confdefs.h.  */
| #include <stdio.h>
| #ifdef HAVE_SYS_TYPES_H
| # include <sys/types.h>
| #endif
| #ifdef HAVE_SYS_STAT_H
| # include <sys/stat.h>
| #endif
| #ifdef STDC_HEADERS
| # include <stdlib.h>
| # include <stddef.h>
| #else
| # ifdef HAVE_STDLIB_H
| #  include <stdlib.h>
| # endif
| #endif
| #ifdef HAVE_STRING_H
| # if !defined STDC_HEADERS && defined HAVE_MEMORY_H
| #  include <memory.h>
| # endif
| # include <string.h>
| #endif
| #ifdef HAVE_STRINGS_H
| # include <strings.h>
| #endif
| #ifdef HAVE_INTTYPES_H
| # include <inttypes.h>
| #endif
| #ifdef HAVE_STDINT_H
| # include <stdint.h>
| #endif
| #ifdef HAVE_UNISTD_H
| # include <unistd.h>
| #endif
| #include <sys/endian.h>
configure:4173: result: no
configure:4173: checking sys/endian.h presence
configure:4173: gcc -E  conftest.c
conftest.c:24:24: error: sys/endian.h: No such file or directory
configure:4173: $? = 1
configure: failed program was:
| /* confdefs.h */
| #define PACKAGE_NAME ""
| #define PACKAGE_TARNAME ""
| #define PACKAGE_VERSION ""
| #define PACKAGE_STRING ""
| #define PACKAGE_BUGREPORT ""
| #define PACKAGE_URL ""
| #define SDCC_VERSION_LO 0
| #define SDCC_VERSION_HI 3
| #define SDCC_VERSION_P 1
| #define SDCC_VERSION_STR "3.0.1"
| #define STDC_HEADERS 1
| #define HAVE_SYS_TYPES_H 1
| #define HAVE_SYS_STAT_H 1
| #define HAVE_STDLIB_H 1
| #define HAVE_STRING_H 1
| #define HAVE_MEMORY_H 1
| #define HAVE_STRINGS_H 1
| #define HAVE_INTTYPES_H 1
| #define HAVE_STDINT_H 1
| #define HAVE_UNISTD_H 1
| #define HAVE_ENDIAN_H 1
| /* end confdefs.h.  */
| #include <sys/endian.h>
configure:4173: result: no
configure:4173: checking for sys/endian.h
configure:4173: result: no
configure:4173: checking machine/endian.h usability
configure:4173: gcc -c -g -O2  conftest.c >&5
configure:4173: $? = 0
configure:4173: result: yes
configure:4173: checking machine/endian.h presence
configure:4173: gcc -E  conftest.c
configure:4173: $? = 0
configure:4173: result: yes
configure:4173: checking for machine/endian.h
configure:4173: result: yes
configure:4173: checking sys/isa_defs.h usability
configure:4173: gcc -c -g -O2  conftest.c >&5
conftest.c:58:26: error: sys/isa_defs.h: No such file or directory
configure:4173: $? = 1
configure: failed program was:
| /* confdefs.h */
| #define PACKAGE_NAME ""
| #define PACKAGE_TARNAME ""
| #define PACKAGE_VERSION ""
| #define PACKAGE_STRING ""
| #define PACKAGE_BUGREPORT ""
| #define PACKAGE_URL ""
| #define SDCC_VERSION_LO 0
| #define SDCC_VERSION_HI 3
| #define SDCC_VERSION_P 1
| #define SDCC_VERSION_STR "3.0.1"
| #define STDC_HEADERS 1
| #define HAVE_SYS_TYPES_H 1
| #define HAVE_SYS_STAT_H 1
| #define HAVE_STDLIB_H 1
| #define HAVE_STRING_H 1
| #define HAVE_MEMORY_H 1
| #define HAVE_STRINGS_H 1
| #define HAVE_INTTYPES_H 1
| #define HAVE_STDINT_H 1
| #define HAVE_UNISTD_H 1
| #define HAVE_ENDIAN_H 1
| #define HAVE_MACHINE_ENDIAN_H 1
| /* end confdefs.h.  */
| #include <stdio.h>
| #ifdef HAVE_SYS_TYPES_H
| # include <sys/types.h>
| #endif
| #ifdef HAVE_SYS_STAT_H
| # include <sys/stat.h>
| #endif
| #ifdef STDC_HEADERS
| # include <stdlib.h>
| # include <stddef.h>
| #else
| # ifdef HAVE_STDLIB_H
| #  include <stdlib.h>
| # endif
| #endif
| #ifdef HAVE_STRING_H
| # if !defined STDC_HEADERS && defined HAVE_MEMORY_H
| #  include <memory.h>
| # endif
| # include <string.h>
| #endif
| #ifdef HAVE_STRINGS_H
| # include <strings.h>
| #endif
| #ifdef HAVE_INTTYPES_H
| # include <inttypes.h>
| #endif
| #ifdef HAVE_STDINT_H
| # include <stdint.h>
| #endif
| #ifdef HAVE_UNISTD_H
| # include <unistd.h>
| #endif
| #include <sys/isa_defs.h>
configure:4173: result: no
configure:4173: checking sys/isa_defs.h presence
configure:4173: gcc -E  conftest.c
conftest.c:25:26: error: sys/isa_defs.h: No such file or directory
configure:4173: $? = 1
configure: failed program was:
| /* confdefs.h */
| #define PACKAGE_NAME ""
| #define PACKAGE_TARNAME ""
| #define PACKAGE_VERSION ""
| #define PACKAGE_STRING ""
| #define PACKAGE_BUGREPORT ""
| #define PACKAGE_URL ""
| #define SDCC_VERSION_LO 0
| #define SDCC_VERSION_HI 3
| #define SDCC_VERSION_P 1
| #define SDCC_VERSION_STR "3.0.1"
| #define STDC_HEADERS 1
| #define HAVE_SYS_TYPES_H 1
| #define HAVE_SYS_STAT_H 1
| #define HAVE_STDLIB_H 1
| #define HAVE_STRING_H 1
| #define HAVE_MEMORY_H 1
| #define HAVE_STRINGS_H 1
| #define HAVE_INTTYPES_H 1
| #define HAVE_STDINT_H 1
| #define HAVE_UNISTD_H 1
| #define HAVE_ENDIAN_H 1
| #define HAVE_MACHINE_ENDIAN_H 1
| /* end confdefs.h.  */
| #include <sys/isa_defs.h>
configure:4173: result: no
configure:4173: checking for sys/isa_defs.h
configure:4173: result: no
configure:4193: checking for ccache
configure:4223: result: no
configure:4238: checking for strerror
configure:4238: gcc -o conftest.exe -g -O2   conftest.c  >&5
configure:4238: $? = 0
configure:4238: result: yes
configure:4250: checking for vsnprintf
configure:4250: gcc -o conftest.exe -g -O2   conftest.c  >&5
conftest.c:49: warning: conflicting types for built-in function 'vsnprintf'
configure:4250: $? = 0
configure:4250: result: yes
configure:4250: checking for snprintf
configure:4250: gcc -o conftest.exe -g -O2   conftest.c  >&5
conftest.c:50: warning: conflicting types for built-in function 'snprintf'
configure:4250: $? = 0
configure:4250: result: yes
configure:4250: checking for vsprintf
configure:4250: gcc -o conftest.exe -g -O2   conftest.c  >&5
conftest.c:51: warning: conflicting types for built-in function 'vsprintf'
configure:4250: $? = 0
configure:4250: result: yes
configure:4250: checking for mkstemp
configure:4250: gcc -o conftest.exe -g -O2   conftest.c  >&5
configure:4250: $? = 0
configure:4250: result: yes
configure:4350: checking whether preprocessor accepts -MM or -M
Using built-in specs.
Target: i686-pc-cygwin
Configured with: /gnu/gcc/releases/packaging/4.3.4-3/gcc4-4.3.4-3/src/gcc-4.3.4/configure --srcdir=/gnu/gcc/releases/packaging/4.3.4-3/gcc4-4.3.4-3/src/gcc-4.3.4 --prefix=/usr --exec-prefix=/usr --bindir=/usr/bin --sbindir=/usr/sbin --libexecdir=/usr/lib --datadir=/usr/share --localstatedir=/var --sysconfdir=/etc --infodir=/usr/share/info --mandir=/usr/share/man --datadir=/usr/share --infodir=/usr/share/info --mandir=/usr/share/man -v --with-gmp=/usr --with-mpfr=/usr --enable-bootstrap --enable-version-specific-runtime-libs --with-slibdir=/usr/bin --libexecdir=/usr/lib --enable-static --enable-shared --enable-shared-libgcc --disable-__cxa_atexit --with-gnu-ld --with-gnu-as --with-dwarf2 --disable-sjlj-exceptions --enable-languages=ada,c,c++,fortran,java,objc,obj-c++ --disable-symvers --enable-libjava --program-suffix=-4 --enable-libgomp --enable-libssp --enable-libada --enable-threads=posix --with-arch=i686 --with-tune=generic --enable-libgcj-sublibs CC=gcc-4 CXX=g++-4 CC_FOR_TARGET=gcc-4 CXX_FOR_TARGET=g++-4 GNATMAKE_FOR_TARGET=gnatmake GNATBIND_FOR_TARGET=gnatbind AS=/opt/gcc-tools/bin/as.exe AS_FOR_TARGET=/opt/gcc-tools/bin/as.exe LD=/opt/gcc-tools/bin/ld.exe LD_FOR_TARGET=/opt/gcc-tools/bin/ld.exe --with-ecj-jar=/usr/share/java/ecj.jar
Thread model: posix
gcc version 4.3.4 20090804 (release) 1 (GCC) 
COLLECT_GCC_OPTIONS='-E' '-v' '-MM' '-mtune=generic' '-march=i686'
 /usr/lib/gcc/i686-pc-cygwin/4.3.4/cc1.exe -E -quiet -v -MM -D__CYGWIN32__ -D__CYGWIN__ -Dunix -D__unix__ -D__unix -idirafter /usr/lib/gcc/i686-pc-cygwin/4.3.4/../../../../include/w32api -idirafter /usr/lib/gcc/i686-pc-cygwin/4.3.4/../../../../i686-pc-cygwin/lib/../../include/w32api _test_.c -mtune=generic -march=i686
ignoring nonexistent directory "/usr/lib/gcc/i686-pc-cygwin/4.3.4/../../../../i686-pc-cygwin/include"
ignoring duplicate directory "/usr/lib/gcc/i686-pc-cygwin/4.3.4/../../../../i686-pc-cygwin/lib/../../include/w32api"
#include "..." search starts here:
#include <...> search starts here:
 /usr/local/include
 /usr/lib/gcc/i686-pc-cygwin/4.3.4/include
 /usr/lib/gcc/i686-pc-cygwin/4.3.4/include-fixed
 /usr/include
 /usr/lib/gcc/i686-pc-cygwin/4.3.4/../../../../include/w32api
End of search list.
_test_.o: _test_.c
COMPILER_PATH=/usr/lib/gcc/i686-pc-cygwin/4.3.4/:/usr/lib/gcc/i686-pc-cygwin/4.3.4/:/usr/lib/gcc/i686-pc-cygwin/:/usr/lib/gcc/i686-pc-cygwin/4.3.4/:/usr/lib/gcc/i686-pc-cygwin/:/usr/lib/gcc/i686-pc-cygwin/4.3.4/:/usr/lib/gcc/i686-pc-cygwin/:/usr/lib/gcc/i686-pc-cygwin/4.3.4/../../../../i686-pc-cygwin/bin/
LIBRARY_PATH=/usr/lib/gcc/i686-pc-cygwin/4.3.4/:/usr/lib/gcc/i686-pc-cygwin/4.3.4/:/usr/lib/gcc/i686-pc-cygwin/4.3.4/../../../:/lib/:/usr/lib/
COLLECT_GCC_OPTIONS='-E' '-v' '-MM' '-mtune=generic' '-march=i686'
configure:4365: result: -MM
configure:4371: checking whether C accepts -ggdb
configure:4391: gcc -c -ggdb  conftest.c >&5
configure:4391: $? = 0
configure:4399: result: yes
configure:4409: checking whether C accepts -pipe
configure:4429: gcc -c -pipe  conftest.c >&5
configure:4429: $? = 0
configure:4437: result: yes
configure:4493: checking whether ar accepts -S
configure:dummy: ar -S -t conftest.ar 
configure:dummy: $? = 0
configure:4521: result: yes
configure:4537: checking return type of signal handlers
configure:4555: gcc -c -pipe -ggdb -g -O2  conftest.c >&5
conftest.c: In function 'main':
conftest.c:36: error: void value not ignored as it ought to be
configure:4555: $? = 1
configure: failed program was:
| /* confdefs.h */
| #define PACKAGE_NAME ""
| #define PACKAGE_TARNAME ""
| #define PACKAGE_VERSION ""
| #define PACKAGE_STRING ""
| #define PACKAGE_BUGREPORT ""
| #define PACKAGE_URL ""
| #define SDCC_VERSION_LO 0
| #define SDCC_VERSION_HI 3
| #define SDCC_VERSION_P 1
| #define SDCC_VERSION_STR "3.0.1"
| #define STDC_HEADERS 1
| #define HAVE_SYS_TYPES_H 1
| #define HAVE_SYS_STAT_H 1
| #define HAVE_STDLIB_H 1
| #define HAVE_STRING_H 1
| #define HAVE_MEMORY_H 1
| #define HAVE_STRINGS_H 1
| #define HAVE_INTTYPES_H 1
| #define HAVE_STDINT_H 1
| #define HAVE_UNISTD_H 1
| #define HAVE_ENDIAN_H 1
| #define HAVE_MACHINE_ENDIAN_H 1
| #define HAVE_STRERROR 1
| #define HAVE_VSNPRINTF 1
| #define HAVE_SNPRINTF 1
| #define HAVE_VSPRINTF 1
| #define HAVE_MKSTEMP 1
| /* end confdefs.h.  */
| #include <sys/types.h>
| #include <signal.h>
| 
| int
| main ()
| {
| return *(signal (0, 0)) (0) == 1;
|   ;
|   return 0;
| }
configure:4562: result: void
configure:4575: checking size of char
configure:4580: gcc -o conftest.exe -pipe -ggdb -g -O2   conftest.c  >&5
configure:4580: $? = 0
configure:4580: ./conftest.exe
configure:4580: $? = 0
configure:4594: result: 1
configure:4608: checking size of short
configure:4613: gcc -o conftest.exe -pipe -ggdb -g -O2   conftest.c  >&5
configure:4613: $? = 0
configure:4613: ./conftest.exe
configure:4613: $? = 0
configure:4627: result: 2
configure:4641: checking size of int
configure:4646: gcc -o conftest.exe -pipe -ggdb -g -O2   conftest.c  >&5
configure:4646: $? = 0
configure:4646: ./conftest.exe
configure:4646: $? = 0
configure:4660: result: 4
configure:4674: checking size of long
configure:4679: gcc -o conftest.exe -pipe -ggdb -g -O2   conftest.c  >&5
configure:4679: $? = 0
configure:4679: ./conftest.exe
configure:4679: $? = 0
configure:4693: result: 4
configure:4703: checking whether char is unsigned
configure:4721: gcc -c -pipe -ggdb -g -O2  conftest.c >&5
configure:4721: $? = 0
configure:4728: result: no
configure:4757: checking type name for byte
configure:4765: result: char
configure:4767: checking type name for word
configure:4770: result: short
configure:4772: checking type name for dword
configure:4775: result: int
configure:4815: checking whether host machine byte ordering is bigendian
configure:4838: gcc -c -pipe -ggdb -g -O2  conftest.c >&5
configure:4838: $? = 0
configure:4856: gcc -c -pipe -ggdb -g -O2  conftest.c >&5
conftest.c: In function 'main':
conftest.c:48: error: 'not' undeclared (first use in this function)
conftest.c:48: error: (Each undeclared identifier is reported only once
conftest.c:48: error: for each function it appears in.)
conftest.c:48: error: expected ';' before 'big'
configure:4856: $? = 1
configure: failed program was:
| /* confdefs.h */
| #define PACKAGE_NAME ""
| #define PACKAGE_TARNAME ""
| #define PACKAGE_VERSION ""
| #define PACKAGE_STRING ""
| #define PACKAGE_BUGREPORT ""
| #define PACKAGE_URL ""
| #define SDCC_VERSION_LO 0
| #define SDCC_VERSION_HI 3
| #define SDCC_VERSION_P 1
| #define SDCC_VERSION_STR "3.0.1"
| #define STDC_HEADERS 1
| #define HAVE_SYS_TYPES_H 1
| #define HAVE_SYS_STAT_H 1
| #define HAVE_STDLIB_H 1
| #define HAVE_STRING_H 1
| #define HAVE_MEMORY_H 1
| #define HAVE_STRINGS_H 1
| #define HAVE_INTTYPES_H 1
| #define HAVE_STDINT_H 1
| #define HAVE_UNISTD_H 1
| #define HAVE_ENDIAN_H 1
| #define HAVE_MACHINE_ENDIAN_H 1
| #define HAVE_STRERROR 1
| #define HAVE_VSNPRINTF 1
| #define HAVE_SNPRINTF 1
| #define HAVE_VSPRINTF 1
| #define HAVE_MKSTEMP 1
| #define RETSIGTYPE void
| #define SIZEOF_CHAR 1
| #define SIZEOF_SHORT 2
| #define SIZEOF_INT 4
| #define SIZEOF_LONG 4
| #define TYPE_BYTE char
| #define TYPE_WORD short
| #define TYPE_DWORD int
| #define TYPE_UBYTE unsigned char
| #define TYPE_UWORD unsigned short
| #define TYPE_UDWORD unsigned int
| /* end confdefs.h.  */
| #include <sys/types.h>
| #include <sys/param.h>
| 
| int
| main ()
| {
| #if BYTE_ORDER != BIG_ENDIAN
|  not big endian
| #endif
| 
|   ;
|   return 0;
| }
configure:4930: result: no
configure:6071: checking for lyx
configure:6099: result: :
configure:6109: checking for latex2html
configure:6137: result: :
configure:6147: checking for pdflatex
configure:6163: found /usr/bin/pdflatex
configure:6175: result: pdflatex
configure:6185: checking for pdfopt
configure:6201: found /usr/bin/pdfopt
configure:6213: result: pdfopt
configure:6223: checking for makeindex
configure:6239: found /usr/bin/makeindex
configure:6251: result: makeindex
configure:6542: creating ./config.status

## ---------------------- ##
## Running config.status. ##
## ---------------------- ##

This file was extended by config.status, which was
generated by GNU Autoconf 2.67.  Invocation command line was

  CONFIG_FILES    = 
  CONFIG_HEADERS  = 
  CONFIG_LINKS    = 
  CONFIG_COMMANDS = 
  $ ./config.status 

on PCKRIVKA

config.status:966: creating doc/Makefile
config.status:966: creating src/pblaze/Makefile
config.status:966: creating device/lib/Makefile
config.status:966: creating device/non-free/lib/Makefile
config.status:966: creating main.mk
config.status:966: creating src/Makefile
config.status:966: creating device/include/Makefile
config.status:966: creating device/non-free/include/Makefile
config.status:966: creating sdas/linksrc/Makefile
config.status:966: creating sdas/asranlib/Makefile
config.status:966: creating support/librarian/Makefile
config.status:966: creating support/makebin/Makefile
config.status:966: creating support/regression/Makefile
config.status:966: creating support/valdiag/Makefile
config.status:966: creating support/scripts/Makefile
config.status:966: creating support/regression/ports/host/spec.mk
config.status:966: creating Makefile
config.status:966: creating Makefile.common
config.status:966: creating sdccconf.h
config.status:1140: sdccconf.h is unchanged
config.status:966: creating custom.h
config.status:1140: custom.h is unchanged
config.status:966: creating sdas/linksrc/asxxxx_config.h
config.status:1140: sdas/linksrc/asxxxx_config.h is unchanged
configure:7823: === configuring in support/cpp (/cygdrive/d/eclipsepbcc/workspace/sdcc2/support/cpp)
configure:7886: running /bin/sh ./configure --disable-option-checking '--prefix=/usr/local'  '--disable-pic14-port' '--disable-pic16-port' '--disable-ds390-port' '--disable-ds400-port' '--disable-json-port' '--disable-avr-port' '--disable-xa51-port' '--disable-z80-port' '--disable-mcs51-port' '--disable-hc08-port' '--disable-gbz80-port' 'docdir=${datarootdir}/doc/${PACKAGE}' --cache-file=/dev/null --srcdir=.
configure:7823: === configuring in support/packihx (/cygdrive/d/eclipsepbcc/workspace/sdcc2/support/packihx)
configure:7886: running /bin/sh ./configure --disable-option-checking '--prefix=/usr/local'  '--disable-pic14-port' '--disable-pic16-port' '--disable-ds390-port' '--disable-ds400-port' '--disable-json-port' '--disable-avr-port' '--disable-xa51-port' '--disable-z80-port' '--disable-mcs51-port' '--disable-hc08-port' '--disable-gbz80-port' 'docdir=${datarootdir}/doc/${PACKAGE}' --cache-file=/dev/null --srcdir=.
configure:7823: === configuring in sim/ucsim (/cygdrive/d/eclipsepbcc/workspace/sdcc2/sim/ucsim)
configure:7886: running /bin/sh ./configure --disable-option-checking '--prefix=/usr/local'  '--disable-pic14-port' '--disable-pic16-port' '--disable-ds390-port' '--disable-ds400-port' '--disable-json-port' '--disable-avr-port' '--disable-xa51-port' '--disable-z80-port' '--disable-mcs51-port' '--disable-hc08-port' '--disable-gbz80-port' 'docdir=${datarootdir}/doc/${PACKAGE}' --cache-file=/dev/null --srcdir=.
configure:7823: === configuring in debugger/mcs51 (/cygdrive/d/eclipsepbcc/workspace/sdcc2/debugger/mcs51)
configure:7886: running /bin/sh ./configure --disable-option-checking '--prefix=/usr/local'  '--disable-pic14-port' '--disable-pic16-port' '--disable-ds390-port' '--disable-ds400-port' '--disable-json-port' '--disable-avr-port' '--disable-xa51-port' '--disable-z80-port' '--disable-mcs51-port' '--disable-hc08-port' '--disable-gbz80-port' 'docdir=${datarootdir}/doc/${PACKAGE}' --cache-file=/dev/null --srcdir=.
configure:8180: result:
sdcc 3.0.1 is now configured for

  Build:                
  Host:                 
  Source directory:     .
  C compiler:           gcc
  CFLAGS:               -pipe -ggdb -g -O2

  ENABLED Ports:
    avr                 no
    ds390               no
    ds400               no
    gbz80               no
    hc08                no
    mcs51               no
    pblaze              yes
    pic14               no
    pic16               no
    xa51                no
    z80                 no

  Disable packihx:      0
  Disable ucsim:        0
  Disable device lib:   0
  Disable sdcpp:        0
  Disable sdcdb:        0
  Enable documentation: 0
  Enable libgc:         0

  Install paths:
    binary files:       ${prefix}
    include files:      ${datarootdir}/sdcc/include
    non-free include files: ${datarootdir}/sdcc/non-free/include
    library files:      ${datarootdir}/sdcc/lib
    non-free library files: ${datarootdir}/sdcc/non-free/lib
    documentation:      ${datarootdir}/doc/${PACKAGE}

    prefix:             /usr/local
    datadir:            ${datarootdir}
    datarootdir:        ${prefix}/share

  Search paths (incomplete, see manual for all search paths):
    binary files:       $SDCC_HOME/bin
    include files:      /share/sdcc/include
                        path(argv[0])/../share/sdcc/include
                        /usr/local/share/sdcc/include
                        /share/sdcc/non-free/include
                        path(argv[0])/../share/sdcc/non-free/include
                        /usr/local/share/sdcc/non-free/include
    library files:      $SDCC_HOME/share/sdcc/lib/<model>
                        path(argv[0])/../share/sdcc/lib/<model>
                        /usr/local/share/sdcc/lib/<model>
                        $SDCC_HOME/share/sdcc/non-free/lib/<model>
                        path(argv[0])/../share/sdcc/non-free/lib/<model>
                        /usr/local/share/sdcc/non-free/lib/<model>


## ---------------- ##
## Cache variables. ##
## ---------------- ##

ac_cv_c_char_unsigned=no
ac_cv_c_compiler_gnu=yes
ac_cv_env_CC_set=
ac_cv_env_CC_value=
ac_cv_env_CFLAGS_set=
ac_cv_env_CFLAGS_value=
ac_cv_env_CPPFLAGS_set=
ac_cv_env_CPPFLAGS_value=
ac_cv_env_CPP_set=
ac_cv_env_CPP_value=
ac_cv_env_LDFLAGS_set=
ac_cv_env_LDFLAGS_value=
ac_cv_env_LIBS_set=
ac_cv_env_LIBS_value=
ac_cv_env_LIB_TYPE_set=
ac_cv_env_LIB_TYPE_value=
ac_cv_env_build_alias_set=
ac_cv_env_build_alias_value=
ac_cv_env_docdir_set=set
ac_cv_env_docdir_value='${datarootdir}/doc/${PACKAGE}'
ac_cv_env_host_alias_set=
ac_cv_env_host_alias_value=
ac_cv_env_include_dir_suffix_set=
ac_cv_env_include_dir_suffix_value=
ac_cv_env_lib_dir_suffix_set=
ac_cv_env_lib_dir_suffix_value=
ac_cv_env_non_free_include_dir_suffix_set=
ac_cv_env_non_free_include_dir_suffix_value=
ac_cv_env_non_free_lib_dir_suffix_set=
ac_cv_env_non_free_lib_dir_suffix_value=
ac_cv_env_sdccconf_h_dir_separator_set=
ac_cv_env_sdccconf_h_dir_separator_value=
ac_cv_env_target_alias_set=
ac_cv_env_target_alias_value=
ac_cv_exeext=.exe
ac_cv_func_mkstemp=yes
ac_cv_func_snprintf=yes
ac_cv_func_strerror=yes
ac_cv_func_vsnprintf=yes
ac_cv_func_vsprintf=yes
ac_cv_header_endian_h=yes
ac_cv_header_inttypes_h=yes
ac_cv_header_machine_endian_h=yes
ac_cv_header_memory_h=yes
ac_cv_header_stdc=yes
ac_cv_header_stdint_h=yes
ac_cv_header_stdlib_h=yes
ac_cv_header_string_h=yes
ac_cv_header_strings_h=yes
ac_cv_header_sys_endian_h=no
ac_cv_header_sys_isa_defs_h=no
ac_cv_header_sys_stat_h=yes
ac_cv_header_sys_types_h=yes
ac_cv_header_unistd_h=yes
ac_cv_objext=o
ac_cv_path_EGREP='/usr/bin/grep -E'
ac_cv_path_GREP=/usr/bin/grep
ac_cv_path_install='/usr/bin/install -c'
ac_cv_prog_AR=ar
ac_cv_prog_AS=as
ac_cv_prog_AUTOCONF=autoconf
ac_cv_prog_AWK=gawk
ac_cv_prog_CP=cp
ac_cv_prog_CPP='gcc -E'
ac_cv_prog_LATEX2HTML=:
ac_cv_prog_LEX=flex
ac_cv_prog_LYX=:
ac_cv_prog_MAKEINDEX=makeindex
ac_cv_prog_PDFLATEX=pdflatex
ac_cv_prog_PDFOPT=pdfopt
ac_cv_prog_STRIP=strip
ac_cv_prog_YACC='bison -y'
ac_cv_prog_ac_ct_CC=gcc
ac_cv_prog_ac_ct_RANLIB=ranlib
ac_cv_prog_cc_c89=
ac_cv_prog_cc_g=yes
ac_cv_sizeof_char=1
ac_cv_sizeof_int=4
ac_cv_sizeof_long=4
ac_cv_sizeof_short=2
ac_cv_type_signal=void
bor_cv_c_ggdb=yes
bor_cv_c_pipe=yes
sdcc_cv_MM=-MM
sdcc_cv_build_bigendian=no
sdcc_cv_version=3.0.1
sdcc_cv_versionhi=3
sdcc_cv_versionlo=0
sdcc_cv_versionp=1

## ----------------- ##
## Output variables. ##
## ----------------- ##

AR='ar'
AR_S_FLAG='-S'
AS='as'
AUTOCONF='autoconf'
AWK='gawk'
C99_FLAG='--std=c99'
CC='gcc'
CCACHE=''
CFLAGS='-pipe -ggdb -g -O2'
CP='cp'
CPP='gcc -E'
CPPFLAGS=''
DEFS='-DHAVE_CONFIG_H'
ECHO_C=''
ECHO_N='-n'
ECHO_T=''
EGREP='/usr/bin/grep -E'
EXEEXT='.exe'
GREP='/usr/bin/grep'
INSTALL_DATA='${INSTALL} -m 644'
INSTALL_PROGRAM='${INSTALL}'
INSTALL_SCRIPT='${INSTALL}'
LATEX2HTML=':'
LDFLAGS=''
LEX='flex'
LIBOBJS=''
LIBS=''
LIB_TYPE='RANLIB'
LTLIBOBJS=''
LYX=':'
MAKEDEP='gcc -MM'
MAKEINDEX='makeindex'
OBJEXT='o'
OPT_DISABLE_AVR='1'
OPT_DISABLE_DEVICE_LIB='0'
OPT_DISABLE_DS390='1'
OPT_DISABLE_DS400='1'
OPT_DISABLE_GBZ80='1'
OPT_DISABLE_HC08='1'
OPT_DISABLE_MCS51='1'
OPT_DISABLE_PACKIHX='0'
OPT_DISABLE_PBLAZE='0'
OPT_DISABLE_PIC14='1'
OPT_DISABLE_PIC16='1'
OPT_DISABLE_SDCDB='0'
OPT_DISABLE_SDCPP='0'
OPT_DISABLE_UCSIM='0'
OPT_DISABLE_XA51='1'
OPT_DISABLE_Z80='1'
OPT_ENABLE_DOC='0'
OPT_ENABLE_LIBGC='0'
PACKAGE='sdcc'
PACKAGE_BUGREPORT=''
PACKAGE_NAME=''
PACKAGE_STRING=''
PACKAGE_TARNAME=''
PACKAGE_URL=''
PACKAGE_VERSION=''
PATH_SEPARATOR=':'
PDFLATEX='pdflatex'
PDFOPT='pdfopt'
RANLIB='ranlib'
SHELL='/bin/sh'
STRIP='strip'
VERSION='3.0.1'
VERSIONHI='3'
VERSIONLO='0'
VERSIONP='1'
WALL_FLAG='-Wall'
YACC='bison -y'
ac_ct_CC='gcc'
bindir='${exec_prefix}/bin'
build_alias=''
datadir='${datarootdir}'
datarootdir='${prefix}/share'
docdir='${datarootdir}/doc/${PACKAGE}'
dvidir='${docdir}'
exec_prefix='${prefix}'
host_alias=''
htmldir='${docdir}'
include_dir_suffix='sdcc/include'
includedir='${prefix}/include'
infodir='${datarootdir}/info'
lib_dir_suffix='sdcc/lib'
libdir='${exec_prefix}/lib'
libexecdir='${exec_prefix}/libexec'
localedir='${datarootdir}/locale'
localstatedir='${prefix}/var'
mandir='${datarootdir}/man'
non_free_include_dir_suffix='sdcc/non-free/include'
non_free_lib_dir_suffix='sdcc/non-free/lib'
oldincludedir='/usr/include'
pdfdir='${docdir}'
prefix='/usr/local'
program_transform_name='s,x,x,'
psdir='${docdir}'
sbindir='${exec_prefix}/sbin'
sdccconf_h_dir_separator='/'
sharedstatedir='${prefix}/com'
subdirs=' support/cpp support/packihx sim/ucsim debugger/mcs51'
sysconfdir='${prefix}/etc'
target_alias=''

## ----------- ##
## confdefs.h. ##
## ----------- ##

/* confdefs.h */
#define PACKAGE_NAME ""
#define PACKAGE_TARNAME ""
#define PACKAGE_VERSION ""
#define PACKAGE_STRING ""
#define PACKAGE_BUGREPORT ""
#define PACKAGE_URL ""
#define SDCC_VERSION_LO 0
#define SDCC_VERSION_HI 3
#define SDCC_VERSION_P 1
#define SDCC_VERSION_STR "3.0.1"
#define STDC_HEADERS 1
#define HAVE_SYS_TYPES_H 1
#define HAVE_SYS_STAT_H 1
#define HAVE_STDLIB_H 1
#define HAVE_STRING_H 1
#define HAVE_MEMORY_H 1
#define HAVE_STRINGS_H 1
#define HAVE_INTTYPES_H 1
#define HAVE_STDINT_H 1
#define HAVE_UNISTD_H 1
#define HAVE_ENDIAN_H 1
#define HAVE_MACHINE_ENDIAN_H 1
#define HAVE_STRERROR 1
#define HAVE_VSNPRINTF 1
#define HAVE_SNPRINTF 1
#define HAVE_VSPRINTF 1
#define HAVE_MKSTEMP 1
#define RETSIGTYPE void
#define SIZEOF_CHAR 1
#define SIZEOF_SHORT 2
#define SIZEOF_INT 4
#define SIZEOF_LONG 4
#define TYPE_BYTE char
#define TYPE_WORD short
#define TYPE_DWORD int
#define TYPE_UBYTE unsigned char
#define TYPE_UWORD unsigned short
#define TYPE_UDWORD unsigned int
#define DIR_SEPARATOR_STRING "/"
#define DIR_SEPARATOR_CHAR '/'
#define PREFIX "/usr/local"
#define EXEC_PREFIX "/usr/local"
#define BINDIR "/usr/local/bin"
#define DATADIR "/usr/local/share"
#define INCLUDE_DIR_SUFFIX DIR_SEPARATOR_STRING "sdcc/include"
#define NON_FREE_INCLUDE_DIR_SUFFIX DIR_SEPARATOR_STRING "sdcc/non-free/include"
#define LIB_DIR_SUFFIX DIR_SEPARATOR_STRING "sdcc/lib"
#define NON_FREE_LIB_DIR_SUFFIX DIR_SEPARATOR_STRING "sdcc/non-free/lib"
#define BIN2DATA_DIR DIR_SEPARATOR_STRING "../share"
#define PREFIX2BIN_DIR DIR_SEPARATOR_STRING "bin"
#define PREFIX2DATA_DIR DIR_SEPARATOR_STRING "share"
#define STD_LIB "libsdcc"
#define STD_INT_LIB "libint"
#define STD_LONG_LIB "liblong"
#define STD_FP_LIB "libfloat"
#define STD_DS390_LIB "libds390"
#define STD_DS400_LIB "libds400"
#define STD_XA51_LIB "libxa51"
#define SDCC_DIR_NAME "SDCC_HOME"
#define SDCC_INCLUDE_NAME "SDCC_INCLUDE"
#define SDCC_LIB_NAME "SDCC_LIB"
#define OPT_DISABLE_MCS51 1
#define OPT_DISABLE_GBZ80 1
#define OPT_DISABLE_Z80 1
#define OPT_DISABLE_DS390 1
#define OPT_DISABLE_TININative 1
#define OPT_DISABLE_DS400 1
#define OPT_DISABLE_PIC14 1
#define OPT_DISABLE_PIC16 1
#define OPT_DISABLE_HC08 1
#define OPT_DISABLE_PBLAZE 0
#define OPT_DISABLE_AVR 1
#define OPT_DISABLE_XA51 1
#define OPT_DISABLE_UCSIM 0
#define OPT_DISABLE_DEVICE_LIB 0
#define OPT_DISABLE_PACKIHX 0
#define OPT_DISABLE_SDCPP 0
#define OPT_DISABLE_SDCDB 0
#define OPT_ENABLE_DOC 0
#define OPT_ENABLE_LIBGC 0

configure: exit 0
