This file contains any messages produced by compilers while
running configure, to aid debugging if configure makes a mistake.

It was created by pic16lib configure 0.3, which was
generated by GNU Autoconf 2.64.  Invocation command line was

  $ ./configure --disable-option-checking --prefix=/usr/local docdir=${datarootdir}/doc/${PACKAGE} --cache-file=/dev/null --srcdir=. --no-create --no-recursion

## --------- ##
## Platform. ##
## --------- ##

hostname = b02-218a
uname -m = i686
uname -r = 2.6.31-22-generic
uname -s = Linux
uname -v = #67-Ubuntu SMP Sat Oct 16 19:10:07 UTC 2010

/usr/bin/uname -p = unknown
/bin/uname -X     = unknown

/bin/arch              = unknown
/usr/bin/arch -k       = unknown
/usr/convex/getsysinfo = unknown
/usr/bin/hostinfo      = unknown
/bin/machine           = unknown
/usr/bin/oslevel       = unknown
/bin/universe          = unknown

PATH: /usr/local/sbin
PATH: /usr/local/bin
PATH: /usr/sbin
PATH: /usr/bin
PATH: /sbin
PATH: /bin
PATH: /usr/games


## ----------- ##
## Core tests. ##
## ----------- ##

configure:1737: checking for a BSD-compatible install
configure:1805: result: /usr/bin/install -c
configure:1816: checking whether build environment is sane
configure:1853: result: yes
configure:1980: checking for a thread-safe mkdir -p
configure:2019: result: /bin/mkdir -p
configure:2032: checking for gawk
configure:2048: found /usr/bin/gawk
configure:2059: result: gawk
configure:2070: checking whether make sets $(MAKE)
configure:2092: result: yes
configure:2215: checking for gpasm
configure:2233: found /usr/bin/gpasm
configure:2246: result: /usr/bin/gpasm
configure:2256: checking for gplink
configure:2274: found /usr/bin/gplink
configure:2287: result: /usr/bin/gplink
configure:2297: checking for gplib
configure:2315: found /usr/bin/gplib
configure:2328: result: /usr/bin/gplib
configure:2375: checking for style of include used by make
configure:2403: result: GNU
configure:2428: checking dependency style of '/home/core/work/svn/svn/sdccpblaze/trunk/sdcc/device/lib/pic16//../../../bin/sdcc'
configure:2538: result: none
configure:2556: checking dependency style of '/usr/bin/gpasm'
configure:2664: result: none
configure:2804: creating ./config.status

## ---------------- ##
## Cache variables. ##
## ---------------- ##

ac_cv_env_build_alias_set=
ac_cv_env_build_alias_value=
ac_cv_env_host_alias_set=
ac_cv_env_host_alias_value=
ac_cv_env_target_alias_set=
ac_cv_env_target_alias_value=
ac_cv_path_AR=/usr/bin/gplib
ac_cv_path_CCAS=/usr/bin/gpasm
ac_cv_path_LD=/usr/bin/gplink
ac_cv_path_install='/usr/bin/install -c'
ac_cv_path_mkdir=/bin/mkdir
ac_cv_prog_AWK=gawk
ac_cv_prog_make_make_set=yes
am_cv_CCAS_dependencies_compiler_type=none
am_cv_CC_dependencies_compiler_type=none

## ----------------- ##
## Output variables. ##
## ----------------- ##

ACLOCAL='${SHELL} /home/core/work/svn/svn/sdccpblaze/trunk/sdcc/device/lib/pic16/missing --run aclocal-1.10'
AMDEPBACKSLASH='\'
AMDEP_FALSE='#'
AMDEP_TRUE=''
AMTAR='${SHELL} /home/core/work/svn/svn/sdccpblaze/trunk/sdcc/device/lib/pic16/missing --run tar'
AR=''\''/usr/bin/gplib'\'''
ARCH='18f452'
ARFLAGS='-c'
AUTOCONF='${SHELL} /home/core/work/svn/svn/sdccpblaze/trunk/sdcc/device/lib/pic16/missing --run autoconf'
AUTOHEADER='${SHELL} /home/core/work/svn/svn/sdccpblaze/trunk/sdcc/device/lib/pic16/missing --run autoheader'
AUTOMAKE='${SHELL} /home/core/work/svn/svn/sdccpblaze/trunk/sdcc/device/lib/pic16/missing --run automake-1.10'
AWK='gawk'
CC=''\''/home/core/work/svn/svn/sdccpblaze/trunk/sdcc/device/lib/pic16//../../../bin/sdcc'\'''
CCAS=''\''/usr/bin/gpasm'\'''
CCASDEPMODE='depmode=none'
CCASFLAGS='-p18f452'
CCDEPMODE='depmode=none'
CFLAGS='-mpic16 -p18f452'
CYGPATH_W='echo'
DEFS='-DHAVE_CONFIG_H'
DEPDIR='.deps'
ECHO_C=''
ECHO_N='-n'
ECHO_T=''
INSTALL_DATA='${INSTALL} -m 644'
INSTALL_PROGRAM='${INSTALL}'
INSTALL_SCRIPT='${INSTALL}'
INSTALL_STRIP_PROGRAM='$(install_sh) -c -s'
LD=''\''/usr/bin/gplink'\'''
LIBOBJS=''
LIBS=''
LTLIBOBJS=''
MAKEINFO='${SHELL} /home/core/work/svn/svn/sdccpblaze/trunk/sdcc/device/lib/pic16/missing --run makeinfo'
MKDIR_P='/bin/mkdir -p'
OBJEXT='o'
PACKAGE='pic16lib'
PACKAGE_BUGREPORT='tecodev AT users sourceforge net'
PACKAGE_NAME='pic16lib'
PACKAGE_STRING='pic16lib 0.3'
PACKAGE_TARNAME='pic16lib'
PACKAGE_URL=''
PACKAGE_VERSION='0.3'
PATH_SEPARATOR=':'
RANLIB=':'
SET_MAKE=''
SHELL='/bin/bash'
STRIP=''
USE_FLOATS='-DUSE_FLOATS=0'
VERSION='0.3'
am__fastdepCCAS_FALSE=''
am__fastdepCCAS_TRUE='#'
am__fastdepCC_FALSE=''
am__fastdepCC_TRUE='#'
am__include='include'
am__isrc=''
am__leading_dot='.'
am__quote=''
am__tar='${AMTAR} chof - "$$tardir"'
am__untar='${AMTAR} xf -'
bindir='${exec_prefix}/bin'
build_alias=''
datadir='${datarootdir}'
datarootdir='${prefix}/share'
docdir='${datarootdir}/doc/${PACKAGE}'
dvidir='${docdir}'
exec_prefix='${prefix}'
host_alias=''
htmldir='${docdir}'
includedir='${prefix}/include'
infodir='${datarootdir}/info'
install_sh='$(SHELL) /home/core/work/svn/svn/sdccpblaze/trunk/sdcc/device/lib/pic16/install-sh'
libdir='${exec_prefix}/lib/pic16'
libexecdir='${exec_prefix}/libexec'
localedir='${datarootdir}/locale'
localstatedir='${prefix}/var'
mandir='${datarootdir}/man'
mkdir_p='/bin/mkdir -p'
oldincludedir='/usr/include'
pdfdir='${docdir}'
prefix='/usr/local'
program_transform_name='s,x,x,'
psdir='${docdir}'
sbindir='${exec_prefix}/sbin'
sharedstatedir='${prefix}/com'
sysconfdir='${prefix}/etc'
target_alias=''

## ----------- ##
## confdefs.h. ##
## ----------- ##

/* confdefs.h */
#define PACKAGE_NAME "pic16lib"
#define PACKAGE_TARNAME "pic16lib"
#define PACKAGE_VERSION "0.3"
#define PACKAGE_STRING "pic16lib 0.3"
#define PACKAGE_BUGREPORT "tecodev AT users sourceforge net"
#define PACKAGE_URL ""
#define PACKAGE "pic16lib"
#define VERSION "0.3"

configure: exit 0

## ---------------------- ##
## Running config.status. ##
## ---------------------- ##

This file was extended by pic16lib config.status 0.3, which was
generated by GNU Autoconf 2.64.  Invocation command line was

  CONFIG_FILES    = 
  CONFIG_HEADERS  = 
  CONFIG_LINKS    = 
  CONFIG_COMMANDS = 
  $ ./config.status 

on b02-218a

config.status:844: creating Makefile
config.status:844: creating debug/Makefile
config.status:844: creating libc/Makefile
config.status:844: creating libio/Makefile
config.status:844: creating libm/Makefile
config.status:844: creating libsdcc/Makefile
config.status:844: creating startup/Makefile
config.status:844: creating config.h
config.status:1016: config.h is unchanged
config.status:1064: executing depfiles commands
