This file contains any messages produced by compilers while
running configure, to aid debugging if configure makes a mistake.

It was created by configure, which was
generated by GNU Autoconf 2.65.  Invocation command line was

  $ ./configure --disable-option-checking --prefix=/usr/local --disable-pic14-port --disable-pic16-port --disable-ds390-port --disable-ds400-port --disable-json-port --disable-avr-port --disable-xa51-port --disable-z80-port --disable-mcs51-port --disable-hc08-port --disable-gbz80-port docdir=${datarootdir}/doc/${PACKAGE} --cache-file=/dev/null --srcdir=.

## --------- ##
## Platform. ##
## --------- ##

hostname = PCKRIVKA
uname -m = i686
uname -r = 1.7.5(0.225/5/3)
uname -s = CYGWIN_NT-5.1
uname -v = 2010-04-12 19:07

/usr/bin/uname -p = unknown
/bin/uname -X     = unknown

/bin/arch              = i686
/usr/bin/arch -k       = unknown
/usr/convex/getsysinfo = unknown
/usr/bin/hostinfo      = unknown
/bin/machine           = unknown
/usr/bin/oslevel       = unknown
/bin/universe          = unknown

PATH: /usr/local/bin
PATH: /usr/bin
PATH: /bin
PATH: /cygdrive/c/Perl/site/bin
PATH: /cygdrive/c/Perl/bin
PATH: /cygdrive/c/Program Files/Haskell/bin
PATH: /cygdrive/c/Program Files/Haskell Platform/2010.1.0.0/lib/extralibs/bin
PATH: /cygdrive/c/Program Files/Haskell Platform/2010.1.0.0/bin
PATH: /cygdrive/c/Program Files/MiKTeX 2.8/miktex/bin
PATH: /cygdrive/c/WINDOWS/system32
PATH: /cygdrive/c/WINDOWS
PATH: /cygdrive/c/WINDOWS/system32/WBEM
PATH: /cygdrive/c/WINDOWS/system32/nls
PATH: /cygdrive/c/WINDOWS/system32/nls/english
PATH: /cygdrive/c/WINDOWS/system32/WindowsPowerShell/v1.0
PATH: /cygdrive/c/Program Files/Graphviz2.24/bin
PATH: /cygdrive/c/Program Files/Microsoft SQL Server/90/Tools/binn/
PATH: /cygdrive/c/WINDOWS/system32/WindowsPowerShell/v1.0
PATH: /cygdrive/c/Program Files/GnuWin32/bin
PATH: /cygdrive/c/Python26
PATH: /cygdrive/c/Program Files/Haskell Platform/2010.1.0.0/mingw/bin
PATH: /cygdrive/c/mspgcc/bin
PATH: /cygdrive/c/Program Files/TortoiseSVN/bin
PATH: /usr/bin
PATH: /cygdrive/c/Documents and Settings/krivka.PCKRIVKA/Application Data/cabal/bin
PATH: /cygdrive/c/Program Files/FPC/2.2.4/bin/i386-Win32
PATH: /cygdrive/d/FITkit/bin
PATH: Z
PATH: .
PATH: /usr/lib/lapack


## ----------- ##
## Core tests. ##
## ----------- ##

configure:2054: checking for gcc
configure:2070: found /usr/bin/gcc
configure:2081: result: gcc
configure:2310: checking for C compiler version
configure:2319: gcc --version >&5
gcc (GCC) 4.3.4 20090804 (release) 1
Copyright (C) 2008 Free Software Foundation, Inc.
This is free software; see the source for copying conditions.  There is NO
warranty; not even for MERCHANTABILITY or FITNESS FOR A PARTICULAR PURPOSE.

configure:2330: $? = 0
configure:2319: gcc -v >&5
Using built-in specs.
Target: i686-pc-cygwin
Configured with: /gnu/gcc/releases/packaging/4.3.4-3/gcc4-4.3.4-3/src/gcc-4.3.4/configure --srcdir=/gnu/gcc/releases/packaging/4.3.4-3/gcc4-4.3.4-3/src/gcc-4.3.4 --prefix=/usr --exec-prefix=/usr --bindir=/usr/bin --sbindir=/usr/sbin --libexecdir=/usr/lib --datadir=/usr/share --localstatedir=/var --sysconfdir=/etc --infodir=/usr/share/info --mandir=/usr/share/man --datadir=/usr/share --infodir=/usr/share/info --mandir=/usr/share/man -v --with-gmp=/usr --with-mpfr=/usr --enable-bootstrap --enable-version-specific-runtime-libs --with-slibdir=/usr/bin --libexecdir=/usr/lib --enable-static --enable-shared --enable-shared-libgcc --disable-__cxa_atexit --with-gnu-ld --with-gnu-as --with-dwarf2 --disable-sjlj-exceptions --enable-languages=ada,c,c++,fortran,java,objc,obj-c++ --disable-symvers --enable-libjava --program-suffix=-4 --enable-libgomp --enable-libssp --enable-libada --enable-threads=posix --with-arch=i686 --with-tune=generic --enable-libgcj-sublibs CC=gcc-4 CXX=g++-4 CC_FOR_TARGET=gcc-4 CXX_FOR_TARGET=g++-4 GNATMAKE_FOR_TARGET=gnatmake GNATBIND_FOR_TARGET=gnatbind AS=/opt/gcc-tools/bin/as.exe AS_FOR_TARGET=/opt/gcc-tools/bin/as.exe LD=/opt/gcc-tools/bin/ld.exe LD_FOR_TARGET=/opt/gcc-tools/bin/ld.exe --with-ecj-jar=/usr/share/java/ecj.jar
Thread model: posix
gcc version 4.3.4 20090804 (release) 1 (GCC) 
configure:2330: $? = 0
configure:2319: gcc -V >&5
gcc: '-V' option must have argument
configure:2330: $? = 1
configure:2319: gcc -qversion >&5
gcc: unrecognized option '-qversion'
gcc: no input files
configure:2330: $? = 1
configure:2350: checking whether the C compiler works
configure:2372: gcc    conftest.c  >&5
configure:2376: $? = 0
configure:2425: result: yes
configure:2428: checking for C compiler default output file name
configure:2430: result: a.exe
configure:2436: checking for suffix of executables
configure:2443: gcc -o conftest.exe    conftest.c  >&5
configure:2447: $? = 0
configure:2469: result: .exe
configure:2491: checking whether we are cross compiling
configure:2499: gcc -o conftest.exe    conftest.c  >&5
configure:2503: $? = 0
configure:2510: ./conftest.exe
configure:2514: $? = 0
configure:2529: result: no
configure:2534: checking for suffix of object files
configure:2556: gcc -c   conftest.c >&5
configure:2560: $? = 0
configure:2581: result: o
configure:2585: checking whether we are using the GNU C compiler
configure:2604: gcc -c   conftest.c >&5
configure:2604: $? = 0
configure:2613: result: yes
configure:2622: checking whether gcc accepts -g
configure:2642: gcc -c -g  conftest.c >&5
configure:2642: $? = 0
configure:2683: result: yes
configure:2700: checking for gcc option to accept ISO C89
configure:2764: gcc  -c -g -O2  conftest.c >&5
configure:2764: $? = 0
configure:2777: result: none needed
configure:2803: checking how to run the C preprocessor
configure:2834: gcc -E  conftest.c
configure:2834: $? = 0
configure:2848: gcc -E  conftest.c
conftest.c:9:28: error: ac_nonexistent.h: No such file or directory
configure:2848: $? = 1
configure: failed program was:
| /* confdefs.h */
| #define PACKAGE_NAME ""
| #define PACKAGE_TARNAME ""
| #define PACKAGE_VERSION ""
| #define PACKAGE_STRING ""
| #define PACKAGE_BUGREPORT ""
| #define PACKAGE_URL ""
| /* end confdefs.h.  */
| #include <ac_nonexistent.h>
configure:2873: result: gcc -E
configure:2893: gcc -E  conftest.c
configure:2893: $? = 0
configure:2907: gcc -E  conftest.c
conftest.c:9:28: error: ac_nonexistent.h: No such file or directory
configure:2907: $? = 1
configure: failed program was:
| /* confdefs.h */
| #define PACKAGE_NAME ""
| #define PACKAGE_TARNAME ""
| #define PACKAGE_VERSION ""
| #define PACKAGE_STRING ""
| #define PACKAGE_BUGREPORT ""
| #define PACKAGE_URL ""
| /* end confdefs.h.  */
| #include <ac_nonexistent.h>
configure:2936: checking for grep that handles long lines and -e
configure:2994: result: /usr/bin/grep
configure:2999: checking for egrep
configure:3061: result: /usr/bin/grep -E
configure:3066: checking for ANSI C header files
configure:3086: gcc -c -g -O2  conftest.c >&5
configure:3086: $? = 0
configure:3159: gcc -o conftest.exe -g -O2   conftest.c  >&5
configure:3159: $? = 0
configure:3159: ./conftest.exe
configure:3159: $? = 0
configure:3170: result: yes
configure:3183: checking for sys/types.h
configure:3183: gcc -c -g -O2  conftest.c >&5
configure:3183: $? = 0
configure:3183: result: yes
configure:3183: checking for sys/stat.h
configure:3183: gcc -c -g -O2  conftest.c >&5
configure:3183: $? = 0
configure:3183: result: yes
configure:3183: checking for stdlib.h
configure:3183: gcc -c -g -O2  conftest.c >&5
configure:3183: $? = 0
configure:3183: result: yes
configure:3183: checking for string.h
configure:3183: gcc -c -g -O2  conftest.c >&5
configure:3183: $? = 0
configure:3183: result: yes
configure:3183: checking for memory.h
configure:3183: gcc -c -g -O2  conftest.c >&5
configure:3183: $? = 0
configure:3183: result: yes
configure:3183: checking for strings.h
configure:3183: gcc -c -g -O2  conftest.c >&5
configure:3183: $? = 0
configure:3183: result: yes
configure:3183: checking for inttypes.h
configure:3183: gcc -c -g -O2  conftest.c >&5
configure:3183: $? = 0
configure:3183: result: yes
configure:3183: checking for stdint.h
configure:3183: gcc -c -g -O2  conftest.c >&5
configure:3183: $? = 0
configure:3183: result: yes
configure:3183: checking for unistd.h
configure:3183: gcc -c -g -O2  conftest.c >&5
configure:3183: $? = 0
configure:3183: result: yes
configure:3198: checking readline/readline.h usability
configure:3198: gcc -c -g -O2  conftest.c >&5
conftest.c:52:31: error: readline/readline.h: No such file or directory
configure:3198: $? = 1
configure: failed program was:
| /* confdefs.h */
| #define PACKAGE_NAME ""
| #define PACKAGE_TARNAME ""
| #define PACKAGE_VERSION ""
| #define PACKAGE_STRING ""
| #define PACKAGE_BUGREPORT ""
| #define PACKAGE_URL ""
| #define STDC_HEADERS 1
| #define HAVE_SYS_TYPES_H 1
| #define HAVE_SYS_STAT_H 1
| #define HAVE_STDLIB_H 1
| #define HAVE_STRING_H 1
| #define HAVE_MEMORY_H 1
| #define HAVE_STRINGS_H 1
| #define HAVE_INTTYPES_H 1
| #define HAVE_STDINT_H 1
| #define HAVE_UNISTD_H 1
| /* end confdefs.h.  */
| #include <stdio.h>
| #ifdef HAVE_SYS_TYPES_H
| # include <sys/types.h>
| #endif
| #ifdef HAVE_SYS_STAT_H
| # include <sys/stat.h>
| #endif
| #ifdef STDC_HEADERS
| # include <stdlib.h>
| # include <stddef.h>
| #else
| # ifdef HAVE_STDLIB_H
| #  include <stdlib.h>
| # endif
| #endif
| #ifdef HAVE_STRING_H
| # if !defined STDC_HEADERS && defined HAVE_MEMORY_H
| #  include <memory.h>
| # endif
| # include <string.h>
| #endif
| #ifdef HAVE_STRINGS_H
| # include <strings.h>
| #endif
| #ifdef HAVE_INTTYPES_H
| # include <inttypes.h>
| #endif
| #ifdef HAVE_STDINT_H
| # include <stdint.h>
| #endif
| #ifdef HAVE_UNISTD_H
| # include <unistd.h>
| #endif
| #include <readline/readline.h>
configure:3198: result: no
configure:3198: checking readline/readline.h presence
configure:3198: gcc -E  conftest.c
conftest.c:19:31: error: readline/readline.h: No such file or directory
configure:3198: $? = 1
configure: failed program was:
| /* confdefs.h */
| #define PACKAGE_NAME ""
| #define PACKAGE_TARNAME ""
| #define PACKAGE_VERSION ""
| #define PACKAGE_STRING ""
| #define PACKAGE_BUGREPORT ""
| #define PACKAGE_URL ""
| #define STDC_HEADERS 1
| #define HAVE_SYS_TYPES_H 1
| #define HAVE_SYS_STAT_H 1
| #define HAVE_STDLIB_H 1
| #define HAVE_STRING_H 1
| #define HAVE_MEMORY_H 1
| #define HAVE_STRINGS_H 1
| #define HAVE_INTTYPES_H 1
| #define HAVE_STDINT_H 1
| #define HAVE_UNISTD_H 1
| /* end confdefs.h.  */
| #include <readline/readline.h>
configure:3198: result: no
configure:3198: checking for readline/readline.h
configure:3198: result: no
configure:3338: checking for gcc
configure:3365: result: gcc
configure:3594: checking for C compiler version
configure:3603: gcc --version >&5
gcc (GCC) 4.3.4 20090804 (release) 1
Copyright (C) 2008 Free Software Foundation, Inc.
This is free software; see the source for copying conditions.  There is NO
warranty; not even for MERCHANTABILITY or FITNESS FOR A PARTICULAR PURPOSE.

configure:3614: $? = 0
configure:3603: gcc -v >&5
Using built-in specs.
Target: i686-pc-cygwin
Configured with: /gnu/gcc/releases/packaging/4.3.4-3/gcc4-4.3.4-3/src/gcc-4.3.4/configure --srcdir=/gnu/gcc/releases/packaging/4.3.4-3/gcc4-4.3.4-3/src/gcc-4.3.4 --prefix=/usr --exec-prefix=/usr --bindir=/usr/bin --sbindir=/usr/sbin --libexecdir=/usr/lib --datadir=/usr/share --localstatedir=/var --sysconfdir=/etc --infodir=/usr/share/info --mandir=/usr/share/man --datadir=/usr/share --infodir=/usr/share/info --mandir=/usr/share/man -v --with-gmp=/usr --with-mpfr=/usr --enable-bootstrap --enable-version-specific-runtime-libs --with-slibdir=/usr/bin --libexecdir=/usr/lib --enable-static --enable-shared --enable-shared-libgcc --disable-__cxa_atexit --with-gnu-ld --with-gnu-as --with-dwarf2 --disable-sjlj-exceptions --enable-languages=ada,c,c++,fortran,java,objc,obj-c++ --disable-symvers --enable-libjava --program-suffix=-4 --enable-libgomp --enable-libssp --enable-libada --enable-threads=posix --with-arch=i686 --with-tune=generic --enable-libgcj-sublibs CC=gcc-4 CXX=g++-4 CC_FOR_TARGET=gcc-4 CXX_FOR_TARGET=g++-4 GNATMAKE_FOR_TARGET=gnatmake GNATBIND_FOR_TARGET=gnatbind AS=/opt/gcc-tools/bin/as.exe AS_FOR_TARGET=/opt/gcc-tools/bin/as.exe LD=/opt/gcc-tools/bin/ld.exe LD_FOR_TARGET=/opt/gcc-tools/bin/ld.exe --with-ecj-jar=/usr/share/java/ecj.jar
Thread model: posix
gcc version 4.3.4 20090804 (release) 1 (GCC) 
configure:3614: $? = 0
configure:3603: gcc -V >&5
gcc: '-V' option must have argument
configure:3614: $? = 1
configure:3603: gcc -qversion >&5
gcc: unrecognized option '-qversion'
gcc: no input files
configure:3614: $? = 1
configure:3618: checking whether we are using the GNU C compiler
configure:3646: result: yes
configure:3655: checking whether gcc accepts -g
configure:3716: result: yes
configure:3733: checking for gcc option to accept ISO C89
configure:3810: result: none needed
configure:3835: checking how to run the C preprocessor
configure:3905: result: gcc -E
configure:3925: gcc -E  conftest.c
configure:3925: $? = 0
configure:3939: gcc -E  conftest.c
conftest.c:19:28: error: ac_nonexistent.h: No such file or directory
configure:3939: $? = 1
configure: failed program was:
| /* confdefs.h */
| #define PACKAGE_NAME ""
| #define PACKAGE_TARNAME ""
| #define PACKAGE_VERSION ""
| #define PACKAGE_STRING ""
| #define PACKAGE_BUGREPORT ""
| #define PACKAGE_URL ""
| #define STDC_HEADERS 1
| #define HAVE_SYS_TYPES_H 1
| #define HAVE_SYS_STAT_H 1
| #define HAVE_STDLIB_H 1
| #define HAVE_STRING_H 1
| #define HAVE_MEMORY_H 1
| #define HAVE_STRINGS_H 1
| #define HAVE_INTTYPES_H 1
| #define HAVE_STDINT_H 1
| #define HAVE_UNISTD_H 1
| /* end confdefs.h.  */
| #include <ac_nonexistent.h>
configure:4004: checking for a BSD-compatible install
configure:4072: result: /usr/bin/install -c
configure:4126: checking for ranlib
configure:4142: found /usr/bin/ranlib
configure:4153: result: ranlib
configure:4177: checking for autoconf
configure:4193: found /usr/bin/autoconf
configure:4205: result: autoconf
configure:4215: checking for strip
configure:4231: found /usr/bin/strip
configure:4243: result: strip
configure:4253: checking for as
configure:4269: found /usr/bin/as
configure:4281: result: as
configure:4291: checking for cp
configure:4307: found /usr/bin/cp
configure:4319: result: cp
configure:4341: checking for unistd.h
configure:4341: result: yes
configure:4341: checking sys/wait.h usability
configure:4341: gcc -c -g -O2  conftest.c >&5
configure:4341: $? = 0
configure:4341: result: yes
configure:4341: checking sys/wait.h presence
configure:4341: gcc -E  conftest.c
configure:4341: $? = 0
configure:4341: result: yes
configure:4341: checking for sys/wait.h
configure:4341: result: yes
configure:4355: checking sys/socket.h usability
configure:4355: gcc -c -g -O2  conftest.c >&5
configure:4355: $? = 0
configure:4355: result: yes
configure:4355: checking sys/socket.h presence
configure:4355: gcc -E  conftest.c
configure:4355: $? = 0
configure:4355: result: yes
configure:4355: checking for sys/socket.h
configure:4355: result: yes
configure:4385: checking for socket in -lsocket
configure:4410: gcc -o conftest.exe -g -O2   conftest.c -lsocket   >&5
/usr/lib/gcc/i686-pc-cygwin/4.3.4/../../../../i686-pc-cygwin/bin/ld: cannot find -lsocket
collect2: ld returned 1 exit status
configure:4410: $? = 1
configure: failed program was:
| /* confdefs.h */
| #define PACKAGE_NAME ""
| #define PACKAGE_TARNAME ""
| #define PACKAGE_VERSION ""
| #define PACKAGE_STRING ""
| #define PACKAGE_BUGREPORT ""
| #define PACKAGE_URL ""
| #define STDC_HEADERS 1
| #define HAVE_SYS_TYPES_H 1
| #define HAVE_SYS_STAT_H 1
| #define HAVE_STDLIB_H 1
| #define HAVE_STRING_H 1
| #define HAVE_MEMORY_H 1
| #define HAVE_STRINGS_H 1
| #define HAVE_INTTYPES_H 1
| #define HAVE_STDINT_H 1
| #define HAVE_UNISTD_H 1
| #define HAVE_UNISTD_H 1
| #define HAVE_SYS_WAIT_H 1
| #define HAVE_SYS_SOCKET_H 1
| /* end confdefs.h.  */
| 
| /* Override any GCC internal prototype to avoid an error.
|    Use char because int might match the return type of a GCC
|    builtin and then its argument prototype would still apply.  */
| #ifdef __cplusplus
| extern "C"
| #endif
| char socket ();
| int
| main ()
| {
| return socket ();
|   ;
|   return 0;
| }
configure:4419: result: no
configure:4430: checking for xdr_short in -lnsl
configure:4455: gcc -o conftest.exe -g -O2   conftest.c -lnsl   >&5
/usr/lib/gcc/i686-pc-cygwin/4.3.4/../../../../i686-pc-cygwin/bin/ld: cannot find -lnsl
collect2: ld returned 1 exit status
configure:4455: $? = 1
configure: failed program was:
| /* confdefs.h */
| #define PACKAGE_NAME ""
| #define PACKAGE_TARNAME ""
| #define PACKAGE_VERSION ""
| #define PACKAGE_STRING ""
| #define PACKAGE_BUGREPORT ""
| #define PACKAGE_URL ""
| #define STDC_HEADERS 1
| #define HAVE_SYS_TYPES_H 1
| #define HAVE_SYS_STAT_H 1
| #define HAVE_STDLIB_H 1
| #define HAVE_STRING_H 1
| #define HAVE_MEMORY_H 1
| #define HAVE_STRINGS_H 1
| #define HAVE_INTTYPES_H 1
| #define HAVE_STDINT_H 1
| #define HAVE_UNISTD_H 1
| #define HAVE_UNISTD_H 1
| #define HAVE_SYS_WAIT_H 1
| #define HAVE_SYS_SOCKET_H 1
| /* end confdefs.h.  */
| 
| /* Override any GCC internal prototype to avoid an error.
|    Use char because int might match the return type of a GCC
|    builtin and then its argument prototype would still apply.  */
| #ifdef __cplusplus
| extern "C"
| #endif
| char xdr_short ();
| int
| main ()
| {
| return xdr_short ();
|   ;
|   return 0;
| }
configure:4464: result: no
configure:4528: checking whether preprocessor accepts -MM or -M
Using built-in specs.
Target: i686-pc-cygwin
Configured with: /gnu/gcc/releases/packaging/4.3.4-3/gcc4-4.3.4-3/src/gcc-4.3.4/configure --srcdir=/gnu/gcc/releases/packaging/4.3.4-3/gcc4-4.3.4-3/src/gcc-4.3.4 --prefix=/usr --exec-prefix=/usr --bindir=/usr/bin --sbindir=/usr/sbin --libexecdir=/usr/lib --datadir=/usr/share --localstatedir=/var --sysconfdir=/etc --infodir=/usr/share/info --mandir=/usr/share/man --datadir=/usr/share --infodir=/usr/share/info --mandir=/usr/share/man -v --with-gmp=/usr --with-mpfr=/usr --enable-bootstrap --enable-version-specific-runtime-libs --with-slibdir=/usr/bin --libexecdir=/usr/lib --enable-static --enable-shared --enable-shared-libgcc --disable-__cxa_atexit --with-gnu-ld --with-gnu-as --with-dwarf2 --disable-sjlj-exceptions --enable-languages=ada,c,c++,fortran,java,objc,obj-c++ --disable-symvers --enable-libjava --program-suffix=-4 --enable-libgomp --enable-libssp --enable-libada --enable-threads=posix --with-arch=i686 --with-tune=generic --enable-libgcj-sublibs CC=gcc-4 CXX=g++-4 CC_FOR_TARGET=gcc-4 CXX_FOR_TARGET=g++-4 GNATMAKE_FOR_TARGET=gnatmake GNATBIND_FOR_TARGET=gnatbind AS=/opt/gcc-tools/bin/as.exe AS_FOR_TARGET=/opt/gcc-tools/bin/as.exe LD=/opt/gcc-tools/bin/ld.exe LD_FOR_TARGET=/opt/gcc-tools/bin/ld.exe --with-ecj-jar=/usr/share/java/ecj.jar
Thread model: posix
gcc version 4.3.4 20090804 (release) 1 (GCC) 
COLLECT_GCC_OPTIONS='-E' '-v' '-MM' '-mtune=generic' '-march=i686'
 /usr/lib/gcc/i686-pc-cygwin/4.3.4/cc1.exe -E -quiet -v -MM -D__CYGWIN32__ -D__CYGWIN__ -Dunix -D__unix__ -D__unix -idirafter /usr/lib/gcc/i686-pc-cygwin/4.3.4/../../../../include/w32api -idirafter /usr/lib/gcc/i686-pc-cygwin/4.3.4/../../../../i686-pc-cygwin/lib/../../include/w32api _test_.c -mtune=generic -march=i686
ignoring nonexistent directory "/usr/lib/gcc/i686-pc-cygwin/4.3.4/../../../../i686-pc-cygwin/include"
ignoring duplicate directory "/usr/lib/gcc/i686-pc-cygwin/4.3.4/../../../../i686-pc-cygwin/lib/../../include/w32api"
#include "..." search starts here:
#include <...> search starts here:
 /usr/local/include
 /usr/lib/gcc/i686-pc-cygwin/4.3.4/include
 /usr/lib/gcc/i686-pc-cygwin/4.3.4/include-fixed
 /usr/include
 /usr/lib/gcc/i686-pc-cygwin/4.3.4/../../../../include/w32api
End of search list.
_test_.o: _test_.c
COMPILER_PATH=/usr/lib/gcc/i686-pc-cygwin/4.3.4/:/usr/lib/gcc/i686-pc-cygwin/4.3.4/:/usr/lib/gcc/i686-pc-cygwin/:/usr/lib/gcc/i686-pc-cygwin/4.3.4/:/usr/lib/gcc/i686-pc-cygwin/:/usr/lib/gcc/i686-pc-cygwin/4.3.4/:/usr/lib/gcc/i686-pc-cygwin/:/usr/lib/gcc/i686-pc-cygwin/4.3.4/../../../../i686-pc-cygwin/bin/
LIBRARY_PATH=/usr/lib/gcc/i686-pc-cygwin/4.3.4/:/usr/lib/gcc/i686-pc-cygwin/4.3.4/:/usr/lib/gcc/i686-pc-cygwin/4.3.4/../../../:/lib/:/usr/lib/
COLLECT_GCC_OPTIONS='-E' '-v' '-MM' '-mtune=generic' '-march=i686'
configure:4543: result: -MM
configure:4549: checking whether  accepts -ggdb
configure:4569: gcc -c -ggdb  conftest.c >&5
configure:4569: $? = 0
configure:4577: result: yes
configure:4587: checking whether  accepts -pipe
configure:4607: gcc -c -pipe  conftest.c >&5
configure:4607: $? = 0
configure:4615: result: yes
configure:4867: creating ./config.status

## ---------------------- ##
## Running config.status. ##
## ---------------------- ##

This file was extended by config.status, which was
generated by GNU Autoconf 2.65.  Invocation command line was

  CONFIG_FILES    = 
  CONFIG_HEADERS  = 
  CONFIG_LINKS    = 
  CONFIG_COMMANDS = 
  $ ./config.status 

on PCKRIVKA

config.status:820: creating Makefile
config.status:820: creating config.h
config.status:986: config.h is unchanged

## ---------------- ##
## Cache variables. ##
## ---------------- ##

ac_cv_c_compiler_gnu=yes
ac_cv_env_CC_set=
ac_cv_env_CC_value=
ac_cv_env_CFLAGS_set=
ac_cv_env_CFLAGS_value=
ac_cv_env_CPPFLAGS_set=
ac_cv_env_CPPFLAGS_value=
ac_cv_env_CPP_set=
ac_cv_env_CPP_value=
ac_cv_env_LDFLAGS_set=
ac_cv_env_LDFLAGS_value=
ac_cv_env_LIBS_set=
ac_cv_env_LIBS_value=
ac_cv_env_build_alias_set=
ac_cv_env_build_alias_value=
ac_cv_env_host_alias_set=
ac_cv_env_host_alias_value=
ac_cv_env_lib_dir_suffix_set=
ac_cv_env_lib_dir_suffix_value=
ac_cv_env_sdccconf_h_dir_separator_set=
ac_cv_env_sdccconf_h_dir_separator_value=
ac_cv_env_target_alias_set=
ac_cv_env_target_alias_value=
ac_cv_exeext=.exe
ac_cv_header_inttypes_h=yes
ac_cv_header_memory_h=yes
ac_cv_header_readline_readline_h=no
ac_cv_header_stdc=yes
ac_cv_header_stdint_h=yes
ac_cv_header_stdlib_h=yes
ac_cv_header_string_h=yes
ac_cv_header_strings_h=yes
ac_cv_header_sys_socket_h=yes
ac_cv_header_sys_stat_h=yes
ac_cv_header_sys_types_h=yes
ac_cv_header_sys_wait_h=yes
ac_cv_header_unistd_h=yes
ac_cv_lib_nsl_xdr_short=no
ac_cv_lib_socket_socket=no
ac_cv_objext=o
ac_cv_path_EGREP='/usr/bin/grep -E'
ac_cv_path_GREP=/usr/bin/grep
ac_cv_path_install='/usr/bin/install -c'
ac_cv_prog_AS=as
ac_cv_prog_AUTOCONF=autoconf
ac_cv_prog_CP=cp
ac_cv_prog_CPP='gcc -E'
ac_cv_prog_STRIP=strip
ac_cv_prog_ac_ct_CC=gcc
ac_cv_prog_ac_ct_RANLIB=ranlib
ac_cv_prog_cc_c89=
ac_cv_prog_cc_g=yes
bor_cv_c_ggdb=yes
bor_cv_c_pipe=yes
sdcc_cv_MM=-MM

## ----------------- ##
## Output variables. ##
## ----------------- ##

AS='as'
AUTOCONF='autoconf'
CC='gcc'
CFLAGS='-pipe -ggdb -g -O2'
CP='cp'
CPP='gcc -E'
CPPFLAGS=''
DEFS='-DHAVE_CONFIG_H'
ECHO_C=''
ECHO_N='-n'
ECHO_T=''
EGREP='/usr/bin/grep -E'
EXEEXT='.exe'
GREP='/usr/bin/grep'
INSTALL_DATA='${INSTALL} -m 644'
INSTALL_PROGRAM='${INSTALL}'
INSTALL_SCRIPT='${INSTALL}'
LDFLAGS=''
LIBOBJS=''
LIBREADLINE=''
LIBS=''
LTLIBOBJS=''
MAKEDEP='gcc -MM'
OBJEXT='o'
PACKAGE_BUGREPORT=''
PACKAGE_NAME=''
PACKAGE_STRING=''
PACKAGE_TARNAME=''
PACKAGE_URL=''
PACKAGE_VERSION=''
PATH_SEPARATOR=':'
RANLIB='ranlib'
SHELL='/bin/sh'
STRIP='strip'
WALL_FLAG='-Wall'
ac_ct_CC='gcc'
bindir='${exec_prefix}/bin'
build_alias=''
datadir='${datarootdir}'
datarootdir='${prefix}/share'
docdir='${datarootdir}/doc/${PACKAGE}'
dvidir='${docdir}'
exec_prefix='${prefix}'
host_alias=''
htmldir='${docdir}'
includedir='${prefix}/include'
infodir='${datarootdir}/info'
lib_dir_suffix='sdcc/lib'
libdir='${exec_prefix}/lib'
libexecdir='${exec_prefix}/libexec'
localedir='${datarootdir}/locale'
localstatedir='${prefix}/var'
mandir='${datarootdir}/man'
oldincludedir='/usr/include'
pdfdir='${docdir}'
prefix='/usr/local'
program_transform_name='s,x,x,'
psdir='${docdir}'
sbindir='${exec_prefix}/sbin'
sdccconf_h_dir_separator='/'
sharedstatedir='${prefix}/com'
sysconfdir='${prefix}/etc'
target_alias=''

## ----------- ##
## confdefs.h. ##
## ----------- ##

/* confdefs.h */
#define PACKAGE_NAME ""
#define PACKAGE_TARNAME ""
#define PACKAGE_VERSION ""
#define PACKAGE_STRING ""
#define PACKAGE_BUGREPORT ""
#define PACKAGE_URL ""
#define STDC_HEADERS 1
#define HAVE_SYS_TYPES_H 1
#define HAVE_SYS_STAT_H 1
#define HAVE_STDLIB_H 1
#define HAVE_STRING_H 1
#define HAVE_MEMORY_H 1
#define HAVE_STRINGS_H 1
#define HAVE_INTTYPES_H 1
#define HAVE_STDINT_H 1
#define HAVE_UNISTD_H 1
#define HAVE_UNISTD_H 1
#define HAVE_SYS_WAIT_H 1
#define HAVE_SYS_SOCKET_H 1
#define DIR_SEPARATOR_STRING "/"
#define DATADIR "/usr/local/share"
#define LIB_DIR_SUFFIX DIR_SEPARATOR_STRING "sdcc/lib"

configure: exit 0
