This file contains any messages produced by compilers while
running configure, to aid debugging if configure makes a mistake.

It was created by configure, which was
generated by GNU Autoconf 2.65.  Invocation command line was

  $ ./configure --disable-option-checking --prefix=/usr/local --disable-pic14-port --disable-pic16-port --disable-ds390-port --disable-ds400-port --disable-json-port --disable-avr-port --disable-xa51-port --disable-z80-port --disable-mcs51-port --disable-hc08-port --disable-gbz80-port docdir=${datarootdir}/doc/${PACKAGE} --cache-file=/dev/null --srcdir=.

## --------- ##
## Platform. ##
## --------- ##

hostname = PCKRIVKA
uname -m = i686
uname -r = 1.7.5(0.225/5/3)
uname -s = CYGWIN_NT-5.1
uname -v = 2010-04-12 19:07

/usr/bin/uname -p = unknown
/bin/uname -X     = unknown

/bin/arch              = i686
/usr/bin/arch -k       = unknown
/usr/convex/getsysinfo = unknown
/usr/bin/hostinfo      = unknown
/bin/machine           = unknown
/usr/bin/oslevel       = unknown
/bin/universe          = unknown

PATH: /usr/local/bin
PATH: /usr/bin
PATH: /bin
PATH: /cygdrive/c/Perl/site/bin
PATH: /cygdrive/c/Perl/bin
PATH: /cygdrive/c/Program Files/Haskell/bin
PATH: /cygdrive/c/Program Files/Haskell Platform/2010.1.0.0/lib/extralibs/bin
PATH: /cygdrive/c/Program Files/Haskell Platform/2010.1.0.0/bin
PATH: /cygdrive/c/Program Files/MiKTeX 2.8/miktex/bin
PATH: /cygdrive/c/WINDOWS/system32
PATH: /cygdrive/c/WINDOWS
PATH: /cygdrive/c/WINDOWS/system32/WBEM
PATH: /cygdrive/c/WINDOWS/system32/nls
PATH: /cygdrive/c/WINDOWS/system32/nls/english
PATH: /cygdrive/c/WINDOWS/system32/WindowsPowerShell/v1.0
PATH: /cygdrive/c/Program Files/Graphviz2.24/bin
PATH: /cygdrive/c/Program Files/Microsoft SQL Server/90/Tools/binn/
PATH: /cygdrive/c/WINDOWS/system32/WindowsPowerShell/v1.0
PATH: /cygdrive/c/Program Files/GnuWin32/bin
PATH: /cygdrive/c/Python26
PATH: /cygdrive/c/Program Files/Haskell Platform/2010.1.0.0/mingw/bin
PATH: /cygdrive/c/mspgcc/bin
PATH: /cygdrive/c/Program Files/TortoiseSVN/bin
PATH: /usr/bin
PATH: /cygdrive/c/Documents and Settings/krivka.PCKRIVKA/Application Data/cabal/bin
PATH: /cygdrive/c/Program Files/FPC/2.2.4/bin/i386-Win32
PATH: /cygdrive/d/FITkit/bin
PATH: Z
PATH: .
PATH: /usr/lib/lapack


## ----------- ##
## Core tests. ##
## ----------- ##

configure:2079: checking for gcc
configure:2095: found /usr/bin/gcc
configure:2106: result: gcc
configure:2335: checking for C compiler version
configure:2344: gcc --version >&5
gcc (GCC) 4.3.4 20090804 (release) 1
Copyright (C) 2008 Free Software Foundation, Inc.
This is free software; see the source for copying conditions.  There is NO
warranty; not even for MERCHANTABILITY or FITNESS FOR A PARTICULAR PURPOSE.

configure:2355: $? = 0
configure:2344: gcc -v >&5
Using built-in specs.
Target: i686-pc-cygwin
Configured with: /gnu/gcc/releases/packaging/4.3.4-3/gcc4-4.3.4-3/src/gcc-4.3.4/configure --srcdir=/gnu/gcc/releases/packaging/4.3.4-3/gcc4-4.3.4-3/src/gcc-4.3.4 --prefix=/usr --exec-prefix=/usr --bindir=/usr/bin --sbindir=/usr/sbin --libexecdir=/usr/lib --datadir=/usr/share --localstatedir=/var --sysconfdir=/etc --infodir=/usr/share/info --mandir=/usr/share/man --datadir=/usr/share --infodir=/usr/share/info --mandir=/usr/share/man -v --with-gmp=/usr --with-mpfr=/usr --enable-bootstrap --enable-version-specific-runtime-libs --with-slibdir=/usr/bin --libexecdir=/usr/lib --enable-static --enable-shared --enable-shared-libgcc --disable-__cxa_atexit --with-gnu-ld --with-gnu-as --with-dwarf2 --disable-sjlj-exceptions --enable-languages=ada,c,c++,fortran,java,objc,obj-c++ --disable-symvers --enable-libjava --program-suffix=-4 --enable-libgomp --enable-libssp --enable-libada --enable-threads=posix --with-arch=i686 --with-tune=generic --enable-libgcj-sublibs CC=gcc-4 CXX=g++-4 CC_FOR_TARGET=gcc-4 CXX_FOR_TARGET=g++-4 GNATMAKE_FOR_TARGET=gnatmake GNATBIND_FOR_TARGET=gnatbind AS=/opt/gcc-tools/bin/as.exe AS_FOR_TARGET=/opt/gcc-tools/bin/as.exe LD=/opt/gcc-tools/bin/ld.exe LD_FOR_TARGET=/opt/gcc-tools/bin/ld.exe --with-ecj-jar=/usr/share/java/ecj.jar
Thread model: posix
gcc version 4.3.4 20090804 (release) 1 (GCC) 
configure:2355: $? = 0
configure:2344: gcc -V >&5
gcc: '-V' option must have argument
configure:2355: $? = 1
configure:2344: gcc -qversion >&5
gcc: unrecognized option '-qversion'
gcc: no input files
configure:2355: $? = 1
configure:2375: checking whether the C compiler works
configure:2397: gcc    conftest.c  >&5
configure:2401: $? = 0
configure:2450: result: yes
configure:2453: checking for C compiler default output file name
configure:2455: result: a.exe
configure:2461: checking for suffix of executables
configure:2468: gcc -o conftest.exe    conftest.c  >&5
configure:2472: $? = 0
configure:2494: result: .exe
configure:2516: checking whether we are cross compiling
configure:2524: gcc -o conftest.exe    conftest.c  >&5
configure:2528: $? = 0
configure:2535: ./conftest.exe
configure:2539: $? = 0
configure:2554: result: no
configure:2559: checking for suffix of object files
configure:2581: gcc -c   conftest.c >&5
configure:2585: $? = 0
configure:2606: result: o
configure:2610: checking whether we are using the GNU C compiler
configure:2629: gcc -c   conftest.c >&5
configure:2629: $? = 0
configure:2638: result: yes
configure:2647: checking whether gcc accepts -g
configure:2667: gcc -c -g  conftest.c >&5
configure:2667: $? = 0
configure:2708: result: yes
configure:2725: checking for gcc option to accept ISO C89
configure:2789: gcc  -c -g -O2  conftest.c >&5
configure:2789: $? = 0
configure:2802: result: none needed
configure:2829: checking how to run the C preprocessor
configure:2860: gcc -E  conftest.c
configure:2860: $? = 0
configure:2874: gcc -E  conftest.c
conftest.c:9:28: error: ac_nonexistent.h: No such file or directory
configure:2874: $? = 1
configure: failed program was:
| /* confdefs.h */
| #define PACKAGE_NAME ""
| #define PACKAGE_TARNAME ""
| #define PACKAGE_VERSION ""
| #define PACKAGE_STRING ""
| #define PACKAGE_BUGREPORT ""
| #define PACKAGE_URL ""
| /* end confdefs.h.  */
| #include <ac_nonexistent.h>
configure:2899: result: gcc -E
configure:2919: gcc -E  conftest.c
configure:2919: $? = 0
configure:2933: gcc -E  conftest.c
conftest.c:9:28: error: ac_nonexistent.h: No such file or directory
configure:2933: $? = 1
configure: failed program was:
| /* confdefs.h */
| #define PACKAGE_NAME ""
| #define PACKAGE_TARNAME ""
| #define PACKAGE_VERSION ""
| #define PACKAGE_STRING ""
| #define PACKAGE_BUGREPORT ""
| #define PACKAGE_URL ""
| /* end confdefs.h.  */
| #include <ac_nonexistent.h>
configure:2962: checking for grep that handles long lines and -e
configure:3020: result: /usr/bin/grep
configure:3025: checking for egrep
configure:3087: result: /usr/bin/grep -E
configure:3092: checking for ANSI C header files
configure:3112: gcc -c -g -O2  conftest.c >&5
configure:3112: $? = 0
configure:3185: gcc -o conftest.exe -g -O2   conftest.c  >&5
configure:3185: $? = 0
configure:3185: ./conftest.exe
configure:3185: $? = 0
configure:3196: result: yes
configure:3209: checking for sys/types.h
configure:3209: gcc -c -g -O2  conftest.c >&5
configure:3209: $? = 0
configure:3209: result: yes
configure:3209: checking for sys/stat.h
configure:3209: gcc -c -g -O2  conftest.c >&5
configure:3209: $? = 0
configure:3209: result: yes
configure:3209: checking for stdlib.h
configure:3209: gcc -c -g -O2  conftest.c >&5
configure:3209: $? = 0
configure:3209: result: yes
configure:3209: checking for string.h
configure:3209: gcc -c -g -O2  conftest.c >&5
configure:3209: $? = 0
configure:3209: result: yes
configure:3209: checking for memory.h
configure:3209: gcc -c -g -O2  conftest.c >&5
configure:3209: $? = 0
configure:3209: result: yes
configure:3209: checking for strings.h
configure:3209: gcc -c -g -O2  conftest.c >&5
configure:3209: $? = 0
configure:3209: result: yes
configure:3209: checking for inttypes.h
configure:3209: gcc -c -g -O2  conftest.c >&5
configure:3209: $? = 0
configure:3209: result: yes
configure:3209: checking for stdint.h
configure:3209: gcc -c -g -O2  conftest.c >&5
configure:3209: $? = 0
configure:3209: result: yes
configure:3209: checking for unistd.h
configure:3209: gcc -c -g -O2  conftest.c >&5
configure:3209: $? = 0
configure:3209: result: yes
configure:3226: checking size of char
configure:3231: gcc -o conftest.exe -g -O2   conftest.c  >&5
configure:3231: $? = 0
configure:3231: ./conftest.exe
configure:3231: $? = 0
configure:3246: result: 1
configure:3260: checking size of short
configure:3265: gcc -o conftest.exe -g -O2   conftest.c  >&5
configure:3265: $? = 0
configure:3265: ./conftest.exe
configure:3265: $? = 0
configure:3280: result: 2
configure:3294: checking size of int
configure:3299: gcc -o conftest.exe -g -O2   conftest.c  >&5
configure:3299: $? = 0
configure:3299: ./conftest.exe
configure:3299: $? = 0
configure:3314: result: 4
configure:3328: checking size of long
configure:3333: gcc -o conftest.exe -g -O2   conftest.c  >&5
configure:3333: $? = 0
configure:3333: ./conftest.exe
configure:3333: $? = 0
configure:3348: result: 4
configure:3362: checking size of long long
configure:3367: gcc -o conftest.exe -g -O2   conftest.c  >&5
configure:3367: $? = 0
configure:3367: ./conftest.exe
configure:3367: $? = 0
configure:3382: result: 8
configure:3418: checking type name for byte
configure:3421: result: char
configure:3423: checking type name for word
configure:3426: result: short
configure:3555: creating ./config.status

## ---------------------- ##
## Running config.status. ##
## ---------------------- ##

This file was extended by config.status, which was
generated by GNU Autoconf 2.65.  Invocation command line was

  CONFIG_FILES    = 
  CONFIG_HEADERS  = 
  CONFIG_LINKS    = 
  CONFIG_COMMANDS = 
  $ ./config.status 

on PCKRIVKA

config.status:809: creating Makefile
config.status:809: creating config.h
config.status:970: config.h is unchanged

## ---------------- ##
## Cache variables. ##
## ---------------- ##

ac_cv_c_compiler_gnu=yes
ac_cv_env_CC_set=
ac_cv_env_CC_value=
ac_cv_env_CFLAGS_set=
ac_cv_env_CFLAGS_value=
ac_cv_env_CPPFLAGS_set=
ac_cv_env_CPPFLAGS_value=
ac_cv_env_CPP_set=
ac_cv_env_CPP_value=
ac_cv_env_LDFLAGS_set=
ac_cv_env_LDFLAGS_value=
ac_cv_env_LIBS_set=
ac_cv_env_LIBS_value=
ac_cv_env_build_alias_set=
ac_cv_env_build_alias_value=
ac_cv_env_host_alias_set=
ac_cv_env_host_alias_value=
ac_cv_env_target_alias_set=
ac_cv_env_target_alias_value=
ac_cv_exeext=.exe
ac_cv_header_inttypes_h=yes
ac_cv_header_memory_h=yes
ac_cv_header_stdc=yes
ac_cv_header_stdint_h=yes
ac_cv_header_stdlib_h=yes
ac_cv_header_string_h=yes
ac_cv_header_strings_h=yes
ac_cv_header_sys_stat_h=yes
ac_cv_header_sys_types_h=yes
ac_cv_header_unistd_h=yes
ac_cv_objext=o
ac_cv_path_EGREP='/usr/bin/grep -E'
ac_cv_path_GREP=/usr/bin/grep
ac_cv_prog_CPP='gcc -E'
ac_cv_prog_ac_ct_CC=gcc
ac_cv_prog_cc_c89=
ac_cv_prog_cc_g=yes
ac_cv_sizeof_char=1
ac_cv_sizeof_int=4
ac_cv_sizeof_long=4
ac_cv_sizeof_long_long=8
ac_cv_sizeof_short=2

## ----------------- ##
## Output variables. ##
## ----------------- ##

CC='gcc'
CFLAGS='-g -O2'
CPP='gcc -E'
CPPFLAGS=''
DEFS='-DHAVE_CONFIG_H'
ECHO_C=''
ECHO_N='-n'
ECHO_T=''
EGREP='/usr/bin/grep -E'
EXEEXT='.exe'
GREP='/usr/bin/grep'
LDFLAGS=''
LIBOBJS=''
LIBS=''
LTLIBOBJS=''
OBJEXT='o'
PACKAGE_BUGREPORT=''
PACKAGE_NAME=''
PACKAGE_STRING=''
PACKAGE_TARNAME=''
PACKAGE_URL=''
PACKAGE_VERSION=''
PATH_SEPARATOR=':'
SHELL='/bin/sh'
ac_ct_CC='gcc'
bindir='${exec_prefix}/bin'
build_alias=''
datadir='${datarootdir}'
datarootdir='${prefix}/share'
docdir='${datarootdir}/doc/${PACKAGE}'
dvidir='${docdir}'
exec_prefix='${prefix}'
host_alias=''
htmldir='${docdir}'
includedir='${prefix}/include'
infodir='${datarootdir}/info'
libdir='${exec_prefix}/lib'
libexecdir='${exec_prefix}/libexec'
localedir='${datarootdir}/locale'
localstatedir='${prefix}/var'
mandir='${datarootdir}/man'
oldincludedir='/usr/include'
pdfdir='${docdir}'
prefix='/usr/local'
program_transform_name='s,x,x,'
psdir='${docdir}'
sbindir='${exec_prefix}/sbin'
sharedstatedir='${prefix}/com'
sysconfdir='${prefix}/etc'
target_alias=''

## ----------- ##
## confdefs.h. ##
## ----------- ##

/* confdefs.h */
#define PACKAGE_NAME ""
#define PACKAGE_TARNAME ""
#define PACKAGE_VERSION ""
#define PACKAGE_STRING ""
#define PACKAGE_BUGREPORT ""
#define PACKAGE_URL ""
#define STDC_HEADERS 1
#define HAVE_SYS_TYPES_H 1
#define HAVE_SYS_STAT_H 1
#define HAVE_STDLIB_H 1
#define HAVE_STRING_H 1
#define HAVE_MEMORY_H 1
#define HAVE_STRINGS_H 1
#define HAVE_INTTYPES_H 1
#define HAVE_STDINT_H 1
#define HAVE_UNISTD_H 1
#define SIZEOF_CHAR 1
#define SIZEOF_SHORT 2
#define SIZEOF_INT 4
#define SIZEOF_LONG 4
#define SIZEOF_LONG_LONG 8
#define TYPE_BYTE char
#define TYPE_WORD short
#define TYPE_UBYTE unsigned char
#define TYPE_UWORD unsigned short

configure: exit 0
